Using pre-set license
Built from '2020.3/staging' branch; Version is '2020.3.14f1 (d0d1bb862f9d) revision 13685179'; Using compiler version '192528614'; Build Type 'Release'
OS: 'Windows 10 Home Single Language; OS build 19043.1348; Version 2009; 64bit' Language: 'en' Physical Memory: 16191 MB
BatchMode: 1, IsHumanControllingUs: 0, StartBugReporterOnCrash: 0, Is64bit: 1, IsPro: 0

 COMMAND LINE ARGUMENTS:
E:\UnityHub\2020.3.14f1\Editor\Unity.exe
-adb2
-batchMode
-noUpm
-name
AssetImportWorker0
-projectPath
E:/Game/Action RPG/Major-RPG/Nexus Major
-logFile
Logs/AssetImportWorker0.log
-srvPort
65330
Successfully changed project path to: E:/Game/Action RPG/Major-RPG/Nexus Major
E:/Game/Action RPG/Major-RPG/Nexus Major
Using Asset Import Pipeline V2.
Refreshing native plugins compatible for Editor in 28.41 ms, found 2 plugins.
Preloading 0 native plugins for Editor in 0.00 ms.
Initialize engine version: 2020.3.14f1 (d0d1bb862f9d)
[Subsystems] Discovering subsystems at path E:/UnityHub/2020.3.14f1/Editor/Data/Resources/UnitySubsystems
[Subsystems] Discovering subsystems at path E:/Game/Action RPG/Major-RPG/Nexus Major/Assets
GfxDevice: creating device client; threaded=0
Direct3D:
    Version:  Direct3D 11.0 [level 11.1]
    Renderer: NVIDIA GeForce GTX 1050 Ti (ID=0x1c8c)
    Vendor:   
    VRAM:     4019 MB
    Driver:   30.0.14.9649
Initialize mono
Mono path[0] = 'E:/UnityHub/2020.3.14f1/Editor/Data/Managed'
Mono path[1] = 'E:/UnityHub/2020.3.14f1/Editor/Data/MonoBleedingEdge/lib/mono/unityjit'
Mono config path = 'E:/UnityHub/2020.3.14f1/Editor/Data/MonoBleedingEdge/etc'
Using monoOptions --debugger-agent=transport=dt_socket,embedding=1,server=y,suspend=n,address=127.0.0.1:56500
Begin MonoManager ReloadAssembly
Registering precompiled unity dll's ...
Register platform support module: E:/UnityHub/2020.3.14f1/Editor/Data/PlaybackEngines/WindowsStandaloneSupport/UnityEditor.WindowsStandalone.Extensions.dll
Registered in 0.001400 seconds.
Native extension for WindowsStandalone target not found
Refreshing native plugins compatible for Editor in 26.78 ms, found 2 plugins.
Preloading 0 native plugins for Editor in 0.00 ms.
Mono: successfully reloaded assembly
- Completed reload, in  2.644 seconds
Domain Reload Profiling:
	ReloadAssembly (2644ms)
		BeginReloadAssembly (72ms)
			ExecutionOrderSort (0ms)
			DisableScriptedObjects (0ms)
			BackupInstance (0ms)
			ReleaseScriptingObjects (0ms)
			CreateAndSetChildDomain (1ms)
		EndReloadAssembly (406ms)
			LoadAssemblies (72ms)
			RebuildTransferFunctionScriptingTraits (0ms)
			SetupTypeCache (145ms)
			ReleaseScriptCaches (0ms)
			RebuildScriptCaches (34ms)
			SetupLoadedEditorAssemblies (158ms)
				LogAssemblyErrors (0ms)
				InitializePlatformSupportModulesInManaged (4ms)
				SetLoadedEditorAssemblies (0ms)
				RefreshPlugins (27ms)
				BeforeProcessingInitializeOnLoad (16ms)
				ProcessInitializeOnLoadAttributes (84ms)
				ProcessInitializeOnLoadMethodAttributes (27ms)
				AfterProcessingInitializeOnLoad (0ms)
				EditorAssembliesLoaded (0ms)
			ExecutionOrderSort2 (0ms)
			AwakeInstancesAfterBackupRestoration (0ms)
Platform modules already initialized, skipping
Registering precompiled user dll's ...
Registered in 0.004416 seconds.
Begin MonoManager ReloadAssembly
Native extension for WindowsStandalone target not found
Refreshing native plugins compatible for Editor in 0.28 ms, found 2 plugins.
Preloading 0 native plugins for Editor in 0.00 ms.
Mono: successfully reloaded assembly
- Completed reload, in  1.016 seconds
Domain Reload Profiling:
	ReloadAssembly (1017ms)
		BeginReloadAssembly (171ms)
			ExecutionOrderSort (0ms)
			DisableScriptedObjects (4ms)
			BackupInstance (0ms)
			ReleaseScriptingObjects (0ms)
			CreateAndSetChildDomain (27ms)
		EndReloadAssembly (786ms)
			LoadAssemblies (106ms)
			RebuildTransferFunctionScriptingTraits (0ms)
			SetupTypeCache (278ms)
			ReleaseScriptCaches (0ms)
			RebuildScriptCaches (42ms)
			SetupLoadedEditorAssemblies (292ms)
				LogAssemblyErrors (0ms)
				InitializePlatformSupportModulesInManaged (4ms)
				SetLoadedEditorAssemblies (0ms)
				RefreshPlugins (0ms)
				BeforeProcessingInitializeOnLoad (82ms)
				ProcessInitializeOnLoadAttributes (198ms)
				ProcessInitializeOnLoadMethodAttributes (4ms)
				AfterProcessingInitializeOnLoad (2ms)
				EditorAssembliesLoaded (0ms)
			ExecutionOrderSort2 (0ms)
			AwakeInstancesAfterBackupRestoration (7ms)
Platform modules already initialized, skipping
========================================================================
Worker process is ready to serve import requests
Launched and connected shader compiler UnityShaderCompiler.exe after 0.09 seconds
Refreshing native plugins compatible for Editor in 0.62 ms, found 2 plugins.
Preloading 0 native plugins for Editor in 0.00 ms.
Unloading 1411 Unused Serialized files (Serialized files now loaded: 0)
System memory in use before: 65.2 MB.
System memory in use after: 65.2 MB.

Unloading 19 unused Assets to reduce memory usage. Loaded Objects now: 1844.
Total: 2.567000 ms (FindLiveObjects: 0.147600 ms CreateObjectMapping: 0.040100 ms MarkObjects: 2.242700 ms  DeleteObjects: 0.135500 ms)

AssetImportParameters requested are different than current active one (requested -> active):
  custom:framework-win-MediaFoundation: 216162199b28c13a410421893ffa2e32 -> 
  custom:video-decoder-ogg-theora: a1e56fd34408186e4bbccfd4996cb3dc -> 
  custom:container-muxer-webm: aa71ff27fc2769a1b78a27578f13a17b -> 
  custom:container-demuxer-webm: 4f35f7cbe854078d1ac9338744f61a02 -> 
  custom:container-demuxer-ogg: 62fdf1f143b41e24485cea50d1cbac27 -> 
  custom:video-encoder-webm-vp8: eb34c28f22e8b96e1ab97ce403110664 -> 
  custom:video-codec-MediaFoundation-h265: 746d11721c4dcdbdad8f713fa42b33f4 -> 
  custom:video-decoder-webm-vp8: 9c59270c3fd7afecdb556c50c9e8de78 -> 
  custom:audio-decoder-ogg-vorbis: bf7c407c2cedff20999df2af8eb42d56 -> 
  custom:audio-encoder-webm-vorbis: bf7c407c2cedff20999df2af8eb42d56 -> 
========================================================================
Received Import Request.
  path: Assets/Scripts/AINavMesh.cs
  artifactKey: Guid(1d4a147030116784a9c4608fa4c7bcf4) Importer(815301076,1909f56bfc062723c751e8b465ee728b)
Start importing Assets/Scripts/AINavMesh.cs using Guid(1d4a147030116784a9c4608fa4c7bcf4) Importer(815301076,1909f56bfc062723c751e8b465ee728b)  -> (artifact id: '1b2422a39a7f2d1658d769e3ab2f54e7') in 0.025523 seconds 
  Import took 0.157545 seconds .

========================================================================
Received Prepare
Registering precompiled user dll's ...
Registered in 0.004528 seconds.
Begin MonoManager ReloadAssembly
Native extension for WindowsStandalone target not found
Refreshing native plugins compatible for Editor in 0.33 ms, found 2 plugins.
Preloading 0 native plugins for Editor in 0.00 ms.
Invalid AssetDatabase path: /Editor/EditorResources/cm_logo_sm.png. Use path relative to the project folder.
UnityEngine.StackTraceUtility:ExtractStackTrace ()
UnityEditor.AssetDatabase:LoadAssetAtPath<UnityEngine.Texture2D> (string)
Cinemachine.Editor.CinemachineSettings:get_CinemachineLogoTexture () (at Library/PackageCache/com.unity.cinemachine@2.6.11/Editor/Windows/CinemachineSettings.cs:205)
Cinemachine.Editor.CinemachineSettings:.cctor () (at Library/PackageCache/com.unity.cinemachine@2.6.11/Editor/Windows/CinemachineSettings.cs:237)
Cinemachine.CinemachineColliderPrefs:.cctor () (at Library/PackageCache/com.unity.cinemachine@2.6.11/Editor/Windows/CinemachineColliderPrefs.cs:61)
System.Runtime.CompilerServices.RuntimeHelpers:RunClassConstructor (System.RuntimeTypeHandle)
UnityEditor.EditorAssemblies:ProcessInitializeOnLoadAttributes (System.Type[])

[Library/PackageCache/com.unity.cinemachine@2.6.11/Editor/Windows/CinemachineSettings.cs line 205]

Mono: successfully reloaded assembly
- Completed reload, in  0.998 seconds
Domain Reload Profiling:
	ReloadAssembly (1277ms)
		BeginReloadAssembly (134ms)
			ExecutionOrderSort (0ms)
			DisableScriptedObjects (4ms)
			BackupInstance (0ms)
			ReleaseScriptingObjects (0ms)
			CreateAndSetChildDomain (29ms)
		EndReloadAssembly (1083ms)
			LoadAssemblies (124ms)
			RebuildTransferFunctionScriptingTraits (0ms)
			SetupTypeCache (305ms)
			ReleaseScriptCaches (1ms)
			RebuildScriptCaches (37ms)
			SetupLoadedEditorAssemblies (277ms)
				LogAssemblyErrors (0ms)
				InitializePlatformSupportModulesInManaged (4ms)
				SetLoadedEditorAssemblies (0ms)
				RefreshPlugins (0ms)
				BeforeProcessingInitializeOnLoad (71ms)
				ProcessInitializeOnLoadAttributes (195ms)
				ProcessInitializeOnLoadMethodAttributes (4ms)
				AfterProcessingInitializeOnLoad (2ms)
				EditorAssembliesLoaded (0ms)
			ExecutionOrderSort2 (0ms)
			AwakeInstancesAfterBackupRestoration (6ms)
Platform modules already initialized, skipping
Refreshing native plugins compatible for Editor in 0.32 ms, found 2 plugins.
Preloading 0 native plugins for Editor in 0.00 ms.
Unloading 1568 Unused Serialized files (Serialized files now loaded: 0)
System memory in use before: 72.7 MB.
System memory in use after: 72.2 MB.

Unloading 21 unused Assets to reduce memory usage. Loaded Objects now: 2003.
Total: 2.570500 ms (FindLiveObjects: 0.176400 ms CreateObjectMapping: 0.042400 ms MarkObjects: 2.082600 ms  DeleteObjects: 0.268500 ms)

AssetImportParameters requested are different than current active one (requested -> active):
  custom:framework-win-MediaFoundation: 216162199b28c13a410421893ffa2e32 -> 
  custom:video-decoder-ogg-theora: a1e56fd34408186e4bbccfd4996cb3dc -> 
  custom:container-muxer-webm: aa71ff27fc2769a1b78a27578f13a17b -> 
  custom:container-demuxer-webm: 4f35f7cbe854078d1ac9338744f61a02 -> 
  custom:container-demuxer-ogg: 62fdf1f143b41e24485cea50d1cbac27 -> 
  custom:video-encoder-webm-vp8: eb34c28f22e8b96e1ab97ce403110664 -> 
  custom:video-codec-MediaFoundation-h265: 746d11721c4dcdbdad8f713fa42b33f4 -> 
  custom:video-decoder-webm-vp8: 9c59270c3fd7afecdb556c50c9e8de78 -> 
  custom:audio-decoder-ogg-vorbis: bf7c407c2cedff20999df2af8eb42d56 -> 
  custom:audio-encoder-webm-vorbis: bf7c407c2cedff20999df2af8eb42d56 -> 
========================================================================
Received Prepare
Registering precompiled user dll's ...
Registered in 0.004662 seconds.
Begin MonoManager ReloadAssembly
Native extension for WindowsStandalone target not found
Refreshing native plugins compatible for Editor in 0.39 ms, found 2 plugins.
Preloading 0 native plugins for Editor in 0.00 ms.
Mono: successfully reloaded assembly
- Completed reload, in  1.080 seconds
Domain Reload Profiling:
	ReloadAssembly (1080ms)
		BeginReloadAssembly (148ms)
			ExecutionOrderSort (0ms)
			DisableScriptedObjects (5ms)
			BackupInstance (0ms)
			ReleaseScriptingObjects (0ms)
			CreateAndSetChildDomain (34ms)
		EndReloadAssembly (873ms)
			LoadAssemblies (128ms)
			RebuildTransferFunctionScriptingTraits (0ms)
			SetupTypeCache (380ms)
			ReleaseScriptCaches (1ms)
			RebuildScriptCaches (38ms)
			SetupLoadedEditorAssemblies (276ms)
				LogAssemblyErrors (0ms)
				InitializePlatformSupportModulesInManaged (4ms)
				SetLoadedEditorAssemblies (0ms)
				RefreshPlugins (0ms)
				BeforeProcessingInitializeOnLoad (71ms)
				ProcessInitializeOnLoadAttributes (194ms)
				ProcessInitializeOnLoadMethodAttributes (4ms)
				AfterProcessingInitializeOnLoad (2ms)
				EditorAssembliesLoaded (0ms)
			ExecutionOrderSort2 (0ms)
			AwakeInstancesAfterBackupRestoration (6ms)
Platform modules already initialized, skipping
Refreshing native plugins compatible for Editor in 0.38 ms, found 2 plugins.
Preloading 0 native plugins for Editor in 0.00 ms.
Unloading 1583 Unused Serialized files (Serialized files now loaded: 0)
System memory in use before: 76.1 MB.
System memory in use after: 73.6 MB.

Unloading 27 unused Assets to reduce memory usage. Loaded Objects now: 2018.
Total: 3.653400 ms (FindLiveObjects: 0.158400 ms CreateObjectMapping: 0.043400 ms MarkObjects: 2.073800 ms  DeleteObjects: 1.376700 ms)

AssetImportParameters requested are different than current active one (requested -> active):
  custom:framework-win-MediaFoundation: 216162199b28c13a410421893ffa2e32 -> 
  custom:video-decoder-ogg-theora: a1e56fd34408186e4bbccfd4996cb3dc -> 
  custom:container-muxer-webm: aa71ff27fc2769a1b78a27578f13a17b -> 
  custom:container-demuxer-webm: 4f35f7cbe854078d1ac9338744f61a02 -> 
  custom:container-demuxer-ogg: 62fdf1f143b41e24485cea50d1cbac27 -> 
  custom:video-encoder-webm-vp8: eb34c28f22e8b96e1ab97ce403110664 -> 
  custom:video-codec-MediaFoundation-h265: 746d11721c4dcdbdad8f713fa42b33f4 -> 
  custom:video-decoder-webm-vp8: 9c59270c3fd7afecdb556c50c9e8de78 -> 
  custom:audio-decoder-ogg-vorbis: bf7c407c2cedff20999df2af8eb42d56 -> 
  custom:audio-encoder-webm-vorbis: bf7c407c2cedff20999df2af8eb42d56 -> 
========================================================================
Received Prepare
Registering precompiled user dll's ...
Registered in 0.206152 seconds.
Begin MonoManager ReloadAssembly
Native extension for WindowsStandalone target not found
Refreshing native plugins compatible for Editor in 0.45 ms, found 2 plugins.
Preloading 0 native plugins for Editor in 0.00 ms.
Mono: successfully reloaded assembly
- Completed reload, in  1.000 seconds
Domain Reload Profiling:
	ReloadAssembly (1000ms)
		BeginReloadAssembly (130ms)
			ExecutionOrderSort (0ms)
			DisableScriptedObjects (5ms)
			BackupInstance (0ms)
			ReleaseScriptingObjects (0ms)
			CreateAndSetChildDomain (31ms)
		EndReloadAssembly (812ms)
			LoadAssemblies (111ms)
			RebuildTransferFunctionScriptingTraits (0ms)
			SetupTypeCache (286ms)
			ReleaseScriptCaches (1ms)
			RebuildScriptCaches (41ms)
			SetupLoadedEditorAssemblies (298ms)
				LogAssemblyErrors (0ms)
				InitializePlatformSupportModulesInManaged (5ms)
				SetLoadedEditorAssemblies (0ms)
				RefreshPlugins (1ms)
				BeforeProcessingInitializeOnLoad (77ms)
				ProcessInitializeOnLoadAttributes (209ms)
				ProcessInitializeOnLoadMethodAttributes (4ms)
				AfterProcessingInitializeOnLoad (3ms)
				EditorAssembliesLoaded (0ms)
			ExecutionOrderSort2 (0ms)
			AwakeInstancesAfterBackupRestoration (7ms)
Platform modules already initialized, skipping
Refreshing native plugins compatible for Editor in 0.51 ms, found 2 plugins.
Preloading 0 native plugins for Editor in 0.00 ms.
Unloading 1594 Unused Serialized files (Serialized files now loaded: 0)
System memory in use before: 78.1 MB.
System memory in use after: 74.8 MB.

Unloading 38 unused Assets to reduce memory usage. Loaded Objects now: 2022.
Total: 4.265200 ms (FindLiveObjects: 0.261100 ms CreateObjectMapping: 0.042800 ms MarkObjects: 2.109500 ms  DeleteObjects: 1.850700 ms)

AssetImportParameters requested are different than current active one (requested -> active):
  custom:framework-win-MediaFoundation: 216162199b28c13a410421893ffa2e32 -> 
  custom:video-decoder-ogg-theora: a1e56fd34408186e4bbccfd4996cb3dc -> 
  custom:container-muxer-webm: aa71ff27fc2769a1b78a27578f13a17b -> 
  custom:container-demuxer-webm: 4f35f7cbe854078d1ac9338744f61a02 -> 
  custom:container-demuxer-ogg: 62fdf1f143b41e24485cea50d1cbac27 -> 
  custom:video-encoder-webm-vp8: eb34c28f22e8b96e1ab97ce403110664 -> 
  custom:video-codec-MediaFoundation-h265: 746d11721c4dcdbdad8f713fa42b33f4 -> 
  custom:video-decoder-webm-vp8: 9c59270c3fd7afecdb556c50c9e8de78 -> 
  custom:audio-decoder-ogg-vorbis: bf7c407c2cedff20999df2af8eb42d56 -> 
  custom:audio-encoder-webm-vorbis: bf7c407c2cedff20999df2af8eb42d56 -> 
========================================================================
Received Prepare
Registering precompiled user dll's ...
Registered in 0.005186 seconds.
Begin MonoManager ReloadAssembly
Native extension for WindowsStandalone target not found
Refreshing native plugins compatible for Editor in 0.47 ms, found 2 plugins.
Preloading 0 native plugins for Editor in 0.00 ms.
Mono: successfully reloaded assembly
- Completed reload, in  1.242 seconds
Domain Reload Profiling:
	ReloadAssembly (1243ms)
		BeginReloadAssembly (206ms)
			ExecutionOrderSort (0ms)
			DisableScriptedObjects (7ms)
			BackupInstance (0ms)
			ReleaseScriptingObjects (0ms)
			CreateAndSetChildDomain (59ms)
		EndReloadAssembly (938ms)
			LoadAssemblies (156ms)
			RebuildTransferFunctionScriptingTraits (0ms)
			SetupTypeCache (370ms)
			ReleaseScriptCaches (1ms)
			RebuildScriptCaches (44ms)
			SetupLoadedEditorAssemblies (307ms)
				LogAssemblyErrors (0ms)
				InitializePlatformSupportModulesInManaged (5ms)
				SetLoadedEditorAssemblies (0ms)
				RefreshPlugins (1ms)
				BeforeProcessingInitializeOnLoad (80ms)
				ProcessInitializeOnLoadAttributes (214ms)
				ProcessInitializeOnLoadMethodAttributes (4ms)
				AfterProcessingInitializeOnLoad (2ms)
				EditorAssembliesLoaded (0ms)
			ExecutionOrderSort2 (0ms)
			AwakeInstancesAfterBackupRestoration (7ms)
Platform modules already initialized, skipping
Refreshing native plugins compatible for Editor in 0.71 ms, found 2 plugins.
Preloading 0 native plugins for Editor in 0.00 ms.
Unloading 1608 Unused Serialized files (Serialized files now loaded: 0)
System memory in use before: 78.4 MB.
System memory in use after: 75.2 MB.

Unloading 38 unused Assets to reduce memory usage. Loaded Objects now: 2039.
Total: 5.938400 ms (FindLiveObjects: 0.165200 ms CreateObjectMapping: 0.053500 ms MarkObjects: 2.617100 ms  DeleteObjects: 3.101400 ms)

AssetImportParameters requested are different than current active one (requested -> active):
  custom:framework-win-MediaFoundation: 216162199b28c13a410421893ffa2e32 -> 
  custom:video-decoder-ogg-theora: a1e56fd34408186e4bbccfd4996cb3dc -> 
  custom:container-muxer-webm: aa71ff27fc2769a1b78a27578f13a17b -> 
  custom:container-demuxer-webm: 4f35f7cbe854078d1ac9338744f61a02 -> 
  custom:container-demuxer-ogg: 62fdf1f143b41e24485cea50d1cbac27 -> 
  custom:video-encoder-webm-vp8: eb34c28f22e8b96e1ab97ce403110664 -> 
  custom:video-codec-MediaFoundation-h265: 746d11721c4dcdbdad8f713fa42b33f4 -> 
  custom:video-decoder-webm-vp8: 9c59270c3fd7afecdb556c50c9e8de78 -> 
  custom:audio-decoder-ogg-vorbis: bf7c407c2cedff20999df2af8eb42d56 -> 
  custom:audio-encoder-webm-vorbis: bf7c407c2cedff20999df2af8eb42d56 -> 
========================================================================
Received Import Request.
  Time since last request: 5373.850326 seconds.
  path: Assets/Scenes
  artifactKey: Guid(34069c169ffcefc41b89ca2b20d00157) Importer(815301076,1909f56bfc062723c751e8b465ee728b)
Start importing Assets/Scenes using Guid(34069c169ffcefc41b89ca2b20d00157) Importer(815301076,1909f56bfc062723c751e8b465ee728b)  -> (artifact id: '6f15b30140c793392534f2a1f6b90a42') in 0.093142 seconds 
  Import took 0.229833 seconds .

========================================================================
Received Import Request.
  Time since last request: 3.397903 seconds.
  path: Assets/Scenes 1
  artifactKey: Guid(fd83ff67ed711044ca4eec5abb75845a) Importer(815301076,1909f56bfc062723c751e8b465ee728b)
Start importing Assets/Scenes 1 using Guid(fd83ff67ed711044ca4eec5abb75845a) Importer(815301076,1909f56bfc062723c751e8b465ee728b)  -> (artifact id: '32cdf7eb2630c3f016542f1b5c569421') in 0.004042 seconds 
  Import took 0.006860 seconds .

========================================================================
Received Import Request.
  Time since last request: 2.524136 seconds.
  path: Assets/Scenes
  artifactKey: Guid(fd83ff67ed711044ca4eec5abb75845a) Importer(815301076,1909f56bfc062723c751e8b465ee728b)
Start importing Assets/Scenes using Guid(fd83ff67ed711044ca4eec5abb75845a) Importer(815301076,1909f56bfc062723c751e8b465ee728b)  -> (artifact id: 'f0a15cea610ab0a9efde3bd5b27b2061') in 0.003230 seconds 
  Import took 0.006743 seconds .

========================================================================
Received Import Request.
  Time since last request: 2.001700 seconds.
  path: Assets/Scenes/SampleScene.unity
  artifactKey: Guid(245db22c777cbb24082c2df337735d8e) Importer(815301076,1909f56bfc062723c751e8b465ee728b)
Start importing Assets/Scenes/SampleScene.unity using Guid(245db22c777cbb24082c2df337735d8e) Importer(815301076,1909f56bfc062723c751e8b465ee728b)  -> (artifact id: '8bfe87947fd3ccf130a1bdb17a1e6bc1') in 0.080247 seconds 
  Import took 0.084157 seconds .

========================================================================
Received Import Request.
  Time since last request: 28.860377 seconds.
  path: Assets/Animations
  artifactKey: Guid(81fdb7df25e4b9a4b8e312e7ce905b89) Importer(815301076,1909f56bfc062723c751e8b465ee728b)
Start importing Assets/Animations using Guid(81fdb7df25e4b9a4b8e312e7ce905b89) Importer(815301076,1909f56bfc062723c751e8b465ee728b)  -> (artifact id: '7773608ff7a93abb03a59517d17eb5e6') in 0.004376 seconds 
  Import took 0.007857 seconds .

========================================================================
Received Import Request.
  Time since last request: 0.001802 seconds.
  path: Assets/Animations
  artifactKey: Guid(81fdb7df25e4b9a4b8e312e7ce905b89) Importer(815301076,1909f56bfc062723c751e8b465ee728b)
Start importing Assets/Animations using Guid(81fdb7df25e4b9a4b8e312e7ce905b89) Importer(815301076,1909f56bfc062723c751e8b465ee728b)  -> (artifact id: '7773608ff7a93abb03a59517d17eb5e6') in 0.003768 seconds 
  Import took 0.008343 seconds .

========================================================================
Received Import Request.
  Time since last request: 0.236032 seconds.
  path: Assets/Animations/Idle To Sprint.fbx
  artifactKey: Guid(f666e06891b40844db75121c45e5900f) Importer(815301076,1909f56bfc062723c751e8b465ee728b)
Start importing Assets/Animations/Idle To Sprint.fbx using Guid(f666e06891b40844db75121c45e5900f) Importer(815301076,1909f56bfc062723c751e8b465ee728b)  -> (artifact id: '91c70f8a75946a0abcf3e7898296b270') in 0.926238 seconds 
  Import took 0.929367 seconds .

========================================================================
Received Import Request.
  Time since last request: 0.000294 seconds.
  path: Assets/Animations/Kneel.fbx
  artifactKey: Guid(9a0710e31d2b76449bc703a068ebbca0) Importer(815301076,1909f56bfc062723c751e8b465ee728b)
Start importing Assets/Animations/Kneel.fbx using Guid(9a0710e31d2b76449bc703a068ebbca0) Importer(815301076,1909f56bfc062723c751e8b465ee728b)  -> (artifact id: '2da2625cc0c26158b10e34d84963ed57') in 0.182842 seconds 
  Import took 0.185541 seconds .

========================================================================
Received Import Request.
  Time since last request: 0.000281 seconds.
  path: Assets/Animations/Idle.fbx
  artifactKey: Guid(47eed3c9adae4d94496daac8b628526e) Importer(815301076,1909f56bfc062723c751e8b465ee728b)
Start importing Assets/Animations/Idle.fbx using Guid(47eed3c9adae4d94496daac8b628526e) Importer(815301076,1909f56bfc062723c751e8b465ee728b)  -> (artifact id: '6c83a5b6cbdd269c3dab83a2feb8e762') in 0.030706 seconds 
  Import took 0.033408 seconds .

========================================================================
Received Import Request.
  Time since last request: 0.000237 seconds.
  path: Assets/Animations/Walking 1.fbx
  artifactKey: Guid(d1c9d833750d9f64eba798364660e2ad) Importer(815301076,1909f56bfc062723c751e8b465ee728b)
Start importing Assets/Animations/Walking 1.fbx using Guid(d1c9d833750d9f64eba798364660e2ad) Importer(815301076,1909f56bfc062723c751e8b465ee728b)  -> (artifact id: '71fa89bb87d82188f3c8a0ea1e29b9c8') in 0.205692 seconds 
  Import took 0.208476 seconds .

========================================================================
Received Import Request.
  Time since last request: 0.000322 seconds.
  path: Assets/Animations/Walking Turn 180.fbx
  artifactKey: Guid(5d4c62578d7c65149a13e0e5ebd80454) Importer(815301076,1909f56bfc062723c751e8b465ee728b)
Start importing Assets/Animations/Walking Turn 180.fbx using Guid(5d4c62578d7c65149a13e0e5ebd80454) Importer(815301076,1909f56bfc062723c751e8b465ee728b)  -> (artifact id: '855a66d1fb2143c7263c5d0d9fdb1c17') in 0.173670 seconds 
  Import took 0.176625 seconds .

========================================================================
Received Import Request.
  Time since last request: 0.000286 seconds.
  path: Assets/Animations/Offensive Idle.fbx
  artifactKey: Guid(466ccc6dcbdcbf7499db35de12bbe150) Importer(815301076,1909f56bfc062723c751e8b465ee728b)
Start importing Assets/Animations/Offensive Idle.fbx using Guid(466ccc6dcbdcbf7499db35de12bbe150) Importer(815301076,1909f56bfc062723c751e8b465ee728b)  -> (artifact id: 'b9090a83af820f9c002f996167c8a42a') in 0.072230 seconds 
  Import took 0.075051 seconds .

========================================================================
Received Import Request.
  Time since last request: 0.000271 seconds.
  path: Assets/Animations/Standard Run.fbx
  artifactKey: Guid(5c94f6fa63b590744afd4c9329a75d96) Importer(815301076,1909f56bfc062723c751e8b465ee728b)
Start importing Assets/Animations/Standard Run.fbx using Guid(5c94f6fa63b590744afd4c9329a75d96) Importer(815301076,1909f56bfc062723c751e8b465ee728b)  -> (artifact id: '8991335f9b0b0a1fe5775aa6f86b19a7') in 0.169159 seconds 
  Import took 0.171974 seconds .

========================================================================
Received Import Request.
  Time since last request: 0.000262 seconds.
  path: Assets/Animations/Walking.fbx
  artifactKey: Guid(30ae5ecdd5c1acd4d9c7201e29502136) Importer(815301076,1909f56bfc062723c751e8b465ee728b)
Start importing Assets/Animations/Walking.fbx using Guid(30ae5ecdd5c1acd4d9c7201e29502136) Importer(815301076,1909f56bfc062723c751e8b465ee728b)  -> (artifact id: '1c77fca2efed1b3ac091672ab657f440') in 0.168966 seconds 
  Import took 0.171881 seconds .

========================================================================
Received Import Request.
  Time since last request: 41.105679 seconds.
  path: Assets/Animations/Offensive Idle 1.fbx
  artifactKey: Guid(a493f44dafff33d40b03ed7fba6b62ac) Importer(815301076,1909f56bfc062723c751e8b465ee728b)
Start importing Assets/Animations/Offensive Idle 1.fbx using Guid(a493f44dafff33d40b03ed7fba6b62ac) Importer(815301076,1909f56bfc062723c751e8b465ee728b)  -> (artifact id: '3e2908e46800aabcfe1058e00e627472') in 0.132104 seconds 
  Import took 0.136172 seconds .

========================================================================
Received Import Request.
  Time since last request: 31.543323 seconds.
  path: Assets/Animations/Idle 1.fbx
  artifactKey: Guid(d47680d426d3cc349b4fbd7f366195a1) Importer(815301076,1909f56bfc062723c751e8b465ee728b)
Start importing Assets/Animations/Idle 1.fbx using Guid(d47680d426d3cc349b4fbd7f366195a1) Importer(815301076,1909f56bfc062723c751e8b465ee728b)  -> (artifact id: 'be7b8222e7421c0c4d0c17575ad75893') in 0.010183 seconds 
  Import took 0.013075 seconds .

========================================================================
Received Import Request.
  Time since last request: 0.000272 seconds.
  path: Assets/Animations/Standard Run 1.fbx
  artifactKey: Guid(5ce6b15ff8045a446b1fcae5d97adad2) Importer(815301076,1909f56bfc062723c751e8b465ee728b)
Start importing Assets/Animations/Standard Run 1.fbx using Guid(5ce6b15ff8045a446b1fcae5d97adad2) Importer(815301076,1909f56bfc062723c751e8b465ee728b)  -> (artifact id: '35d12e03df2ea61e9a89dc994cafa67b') in 0.543817 seconds 
  Import took 0.551867 seconds .

========================================================================
Received Import Request.
  Time since last request: 0.000541 seconds.
  path: Assets/Animations/Walking Turn 181.fbx
  artifactKey: Guid(7fe2baba5ae60344d9d8b1d34e095509) Importer(815301076,1909f56bfc062723c751e8b465ee728b)
Start importing Assets/Animations/Walking Turn 181.fbx using Guid(7fe2baba5ae60344d9d8b1d34e095509) Importer(815301076,1909f56bfc062723c751e8b465ee728b)  -> (artifact id: '233fb3a4e30faae23e3354a065f12b58') in 0.083917 seconds 
  Import took 0.088229 seconds .

========================================================================
Received Import Request.
  Time since last request: 0.000321 seconds.
  path: Assets/Animations/Idle To Sprint 1.fbx
  artifactKey: Guid(ffb83a2ae7c53cd4e9a9a1059cf9cede) Importer(815301076,1909f56bfc062723c751e8b465ee728b)
Start importing Assets/Animations/Idle To Sprint 1.fbx using Guid(ffb83a2ae7c53cd4e9a9a1059cf9cede) Importer(815301076,1909f56bfc062723c751e8b465ee728b)  -> (artifact id: '08bcc6b1da30f599eb3e24ee95273610') in 0.072647 seconds 
  Import took 0.075653 seconds .

========================================================================
Received Import Request.
  Time since last request: 0.000255 seconds.
  path: Assets/Animations/Walking 2.fbx
  artifactKey: Guid(d9a3997d8c0368b468784c02a0bd8439) Importer(815301076,1909f56bfc062723c751e8b465ee728b)
Start importing Assets/Animations/Walking 2.fbx using Guid(d9a3997d8c0368b468784c02a0bd8439) Importer(815301076,1909f56bfc062723c751e8b465ee728b)  -> (artifact id: '4daa13f05cf457355f679d6c31d80ac6') in 0.080422 seconds 
  Import took 0.083532 seconds .

========================================================================
Received Import Request.
  Time since last request: 0.000479 seconds.
  path: Assets/Animations/Walking 3.fbx
  artifactKey: Guid(17e23a5d8b8d531408be6678d201c636) Importer(815301076,1909f56bfc062723c751e8b465ee728b)
Start importing Assets/Animations/Walking 3.fbx using Guid(17e23a5d8b8d531408be6678d201c636) Importer(815301076,1909f56bfc062723c751e8b465ee728b)  -> (artifact id: '1e8913c3d9d4f40cf747bdc2b183f8d7') in 0.075037 seconds 
  Import took 0.078398 seconds .

========================================================================
Received Import Request.
  Time since last request: 0.000281 seconds.
  path: Assets/Animations/Kneel 1.fbx
  artifactKey: Guid(6fae5c989378a5b45a3ed0dcc0341292) Importer(815301076,1909f56bfc062723c751e8b465ee728b)
Start importing Assets/Animations/Kneel 1.fbx using Guid(6fae5c989378a5b45a3ed0dcc0341292) Importer(815301076,1909f56bfc062723c751e8b465ee728b)  -> (artifact id: '0f671c89c9403a20b1af68718d51be1a') in 0.069887 seconds 
  Import took 0.073525 seconds .

========================================================================
Received Import Request.
  Time since last request: 23.667874 seconds.
  path: Assets/Animations/Idle To Sprint.fbx
  artifactKey: Guid(f666e06891b40844db75121c45e5900f) Importer(815301076,1909f56bfc062723c751e8b465ee728b)
Start importing Assets/Animations/Idle To Sprint.fbx using Guid(f666e06891b40844db75121c45e5900f) Importer(815301076,1909f56bfc062723c751e8b465ee728b)  -> (artifact id: 'db378a39a128c361e24109d90ffe4f96') in 0.108049 seconds 
  Import took 0.111644 seconds .

========================================================================
Received Import Request.
  Time since last request: 0.000335 seconds.
  path: Assets/Animations/Kneel.fbx
  artifactKey: Guid(9a0710e31d2b76449bc703a068ebbca0) Importer(815301076,1909f56bfc062723c751e8b465ee728b)
Start importing Assets/Animations/Kneel.fbx using Guid(9a0710e31d2b76449bc703a068ebbca0) Importer(815301076,1909f56bfc062723c751e8b465ee728b)  -> (artifact id: '978d9e25f8ff20b74be1f5e0329e4e6e') in 0.142991 seconds 
  Import took 0.147023 seconds .

========================================================================
Received Import Request.
  Time since last request: 0.000244 seconds.
  path: Assets/Animations/Idle.fbx
  artifactKey: Guid(47eed3c9adae4d94496daac8b628526e) Importer(815301076,1909f56bfc062723c751e8b465ee728b)
Start importing Assets/Animations/Idle.fbx using Guid(47eed3c9adae4d94496daac8b628526e) Importer(815301076,1909f56bfc062723c751e8b465ee728b)  -> (artifact id: 'cf22bebe54ac1e8c5cf3a60a9f05b56b') in 0.007196 seconds 
  Import took 0.009710 seconds .

========================================================================
Received Import Request.
  Time since last request: 0.000262 seconds.
  path: Assets/Animations/Walking 1.fbx
  artifactKey: Guid(d1c9d833750d9f64eba798364660e2ad) Importer(815301076,1909f56bfc062723c751e8b465ee728b)
Start importing Assets/Animations/Walking 1.fbx using Guid(d1c9d833750d9f64eba798364660e2ad) Importer(815301076,1909f56bfc062723c751e8b465ee728b)  -> (artifact id: 'f930e00d941ffc58023e84a34ff4f094') in 0.073187 seconds 
  Import took 0.076412 seconds .

========================================================================
Received Import Request.
  Time since last request: 0.000284 seconds.
  path: Assets/Animations/Walking Turn 180.fbx
  artifactKey: Guid(5d4c62578d7c65149a13e0e5ebd80454) Importer(815301076,1909f56bfc062723c751e8b465ee728b)
Start importing Assets/Animations/Walking Turn 180.fbx using Guid(5d4c62578d7c65149a13e0e5ebd80454) Importer(815301076,1909f56bfc062723c751e8b465ee728b)  -> (artifact id: '8c3884326b71b968d190fac961162ecd') in 0.081551 seconds 
  Import took 0.084720 seconds .

========================================================================
Received Import Request.
  Time since last request: 0.000256 seconds.
  path: Assets/Animations/Offensive Idle.fbx
  artifactKey: Guid(466ccc6dcbdcbf7499db35de12bbe150) Importer(815301076,1909f56bfc062723c751e8b465ee728b)
Start importing Assets/Animations/Offensive Idle.fbx using Guid(466ccc6dcbdcbf7499db35de12bbe150) Importer(815301076,1909f56bfc062723c751e8b465ee728b)  -> (artifact id: 'a1526cb00f832ae7430d7424dbaaab74') in 0.085400 seconds 
  Import took 0.088953 seconds .

========================================================================
Received Import Request.
  Time since last request: 0.000244 seconds.
  path: Assets/Animations/Standard Run.fbx
  artifactKey: Guid(5c94f6fa63b590744afd4c9329a75d96) Importer(815301076,1909f56bfc062723c751e8b465ee728b)
Start importing Assets/Animations/Standard Run.fbx using Guid(5c94f6fa63b590744afd4c9329a75d96) Importer(815301076,1909f56bfc062723c751e8b465ee728b)  -> (artifact id: 'd66dffb855f8c1db9a43be2b72e39c77') in 0.071670 seconds 
  Import took 0.075256 seconds .

========================================================================
Received Import Request.
  Time since last request: 0.000301 seconds.
  path: Assets/Animations/Walking.fbx
  artifactKey: Guid(30ae5ecdd5c1acd4d9c7201e29502136) Importer(815301076,1909f56bfc062723c751e8b465ee728b)
Start importing Assets/Animations/Walking.fbx using Guid(30ae5ecdd5c1acd4d9c7201e29502136) Importer(815301076,1909f56bfc062723c751e8b465ee728b)  -> (artifact id: '2284183855ee3f4528130f0b2c94c6a6') in 0.085005 seconds 
  Import took 0.088392 seconds .

========================================================================
Received Prepare
Registering precompiled user dll's ...
Registered in 0.065851 seconds.
Begin MonoManager ReloadAssembly
Native extension for WindowsStandalone target not found
Refreshing native plugins compatible for Editor in 0.57 ms, found 2 plugins.
Preloading 0 native plugins for Editor in 0.00 ms.
Mono: successfully reloaded assembly
- Completed reload, in  1.187 seconds
Domain Reload Profiling:
	ReloadAssembly (1188ms)
		BeginReloadAssembly (213ms)
			ExecutionOrderSort (0ms)
			DisableScriptedObjects (8ms)
			BackupInstance (0ms)
			ReleaseScriptingObjects (0ms)
			CreateAndSetChildDomain (94ms)
		EndReloadAssembly (916ms)
			LoadAssemblies (124ms)
			RebuildTransferFunctionScriptingTraits (0ms)
			SetupTypeCache (288ms)
			ReleaseScriptCaches (1ms)
			RebuildScriptCaches (41ms)
			SetupLoadedEditorAssemblies (385ms)
				LogAssemblyErrors (0ms)
				InitializePlatformSupportModulesInManaged (5ms)
				SetLoadedEditorAssemblies (0ms)
				RefreshPlugins (1ms)
				BeforeProcessingInitializeOnLoad (80ms)
				ProcessInitializeOnLoadAttributes (293ms)
				ProcessInitializeOnLoadMethodAttributes (4ms)
				AfterProcessingInitializeOnLoad (2ms)
				EditorAssembliesLoaded (0ms)
			ExecutionOrderSort2 (0ms)
			AwakeInstancesAfterBackupRestoration (7ms)
Platform modules already initialized, skipping
Refreshing native plugins compatible for Editor in 0.89 ms, found 2 plugins.
Preloading 0 native plugins for Editor in 0.00 ms.
Unloading 1608 Unused Serialized files (Serialized files now loaded: 0)
System memory in use before: 98.0 MB.
System memory in use after: 94.7 MB.

Unloading 38 unused Assets to reduce memory usage. Loaded Objects now: 2086.
Total: 3.999900 ms (FindLiveObjects: 0.168800 ms CreateObjectMapping: 0.046900 ms MarkObjects: 1.968400 ms  DeleteObjects: 1.815000 ms)

AssetImportParameters requested are different than current active one (requested -> active):
  custom:framework-win-MediaFoundation: 216162199b28c13a410421893ffa2e32 -> 
  custom:video-decoder-ogg-theora: a1e56fd34408186e4bbccfd4996cb3dc -> 
  custom:container-muxer-webm: aa71ff27fc2769a1b78a27578f13a17b -> 
  custom:container-demuxer-webm: 4f35f7cbe854078d1ac9338744f61a02 -> 
  custom:container-demuxer-ogg: 62fdf1f143b41e24485cea50d1cbac27 -> 
  custom:video-encoder-webm-vp8: eb34c28f22e8b96e1ab97ce403110664 -> 
  custom:video-codec-MediaFoundation-h265: 746d11721c4dcdbdad8f713fa42b33f4 -> 
  custom:video-decoder-webm-vp8: 9c59270c3fd7afecdb556c50c9e8de78 -> 
  custom:audio-decoder-ogg-vorbis: bf7c407c2cedff20999df2af8eb42d56 -> 
  custom:audio-encoder-webm-vorbis: bf7c407c2cedff20999df2af8eb42d56 -> 
========================================================================
Received Import Request.
  Time since last request: 146.178745 seconds.
  path: Assets/Animations/Idle To Sprint.fbx
  artifactKey: Guid(f666e06891b40844db75121c45e5900f) Importer(815301076,1909f56bfc062723c751e8b465ee728b)
Start importing Assets/Animations/Idle To Sprint.fbx using Guid(f666e06891b40844db75121c45e5900f) Importer(815301076,1909f56bfc062723c751e8b465ee728b)  -> (artifact id: 'be38125421f4f45d29f7dae266fe6ef4') in 0.286310 seconds 
  Import took 0.291325 seconds .

========================================================================
Received Import Request.
  Time since last request: 0.000688 seconds.
  path: Assets/Animations/Kneel.fbx
  artifactKey: Guid(9a0710e31d2b76449bc703a068ebbca0) Importer(815301076,1909f56bfc062723c751e8b465ee728b)
Start importing Assets/Animations/Kneel.fbx using Guid(9a0710e31d2b76449bc703a068ebbca0) Importer(815301076,1909f56bfc062723c751e8b465ee728b)  -> (artifact id: '6037af5be1c7c373718a1f51353bd1c2') in 0.113863 seconds 
  Import took 0.118528 seconds .

========================================================================
Received Import Request.
  Time since last request: 0.000270 seconds.
  path: Assets/Animations/Idle.fbx
  artifactKey: Guid(47eed3c9adae4d94496daac8b628526e) Importer(815301076,1909f56bfc062723c751e8b465ee728b)
Start importing Assets/Animations/Idle.fbx using Guid(47eed3c9adae4d94496daac8b628526e) Importer(815301076,1909f56bfc062723c751e8b465ee728b)  -> (artifact id: 'd70aa601c52f96a631dadfd173d39453') in 0.008351 seconds 
  Import took 0.011367 seconds .

========================================================================
Received Import Request.
  Time since last request: 0.000316 seconds.
  path: Assets/Animations/Walking 1.fbx
  artifactKey: Guid(d1c9d833750d9f64eba798364660e2ad) Importer(815301076,1909f56bfc062723c751e8b465ee728b)
Start importing Assets/Animations/Walking 1.fbx using Guid(d1c9d833750d9f64eba798364660e2ad) Importer(815301076,1909f56bfc062723c751e8b465ee728b)  -> (artifact id: '4687eb59449e01ea0c467a8c280a3e93') in 0.087912 seconds 
  Import took 0.091995 seconds .

========================================================================
Received Import Request.
  Time since last request: 0.000239 seconds.
  path: Assets/Animations/Walking Turn 180.fbx
  artifactKey: Guid(5d4c62578d7c65149a13e0e5ebd80454) Importer(815301076,1909f56bfc062723c751e8b465ee728b)
Start importing Assets/Animations/Walking Turn 180.fbx using Guid(5d4c62578d7c65149a13e0e5ebd80454) Importer(815301076,1909f56bfc062723c751e8b465ee728b)  -> (artifact id: 'aecb238c23134a0e3d15fdf32ab8e7d8') in 0.088369 seconds 
  Import took 0.091658 seconds .

========================================================================
Received Import Request.
  Time since last request: 0.000265 seconds.
  path: Assets/Animations/Offensive Idle.fbx
  artifactKey: Guid(466ccc6dcbdcbf7499db35de12bbe150) Importer(815301076,1909f56bfc062723c751e8b465ee728b)
Start importing Assets/Animations/Offensive Idle.fbx using Guid(466ccc6dcbdcbf7499db35de12bbe150) Importer(815301076,1909f56bfc062723c751e8b465ee728b)  -> (artifact id: '7e1fc96ccb23d27ff5599b56bf66f87b') in 0.086967 seconds 
  Import took 0.090694 seconds .

========================================================================
Received Import Request.
  Time since last request: 0.000292 seconds.
  path: Assets/Animations/Standard Run.fbx
  artifactKey: Guid(5c94f6fa63b590744afd4c9329a75d96) Importer(815301076,1909f56bfc062723c751e8b465ee728b)
Start importing Assets/Animations/Standard Run.fbx using Guid(5c94f6fa63b590744afd4c9329a75d96) Importer(815301076,1909f56bfc062723c751e8b465ee728b)  -> (artifact id: '89a5bd8528928f261a1fe105e5e492f3') in 0.086635 seconds 
  Import took 0.090323 seconds .

========================================================================
Received Import Request.
  Time since last request: 0.000271 seconds.
  path: Assets/Animations/Walking.fbx
  artifactKey: Guid(30ae5ecdd5c1acd4d9c7201e29502136) Importer(815301076,1909f56bfc062723c751e8b465ee728b)
Start importing Assets/Animations/Walking.fbx using Guid(30ae5ecdd5c1acd4d9c7201e29502136) Importer(815301076,1909f56bfc062723c751e8b465ee728b)  -> (artifact id: '633f888e650ced3872d587356fac75c3') in 0.078957 seconds 
  Import took 0.082226 seconds .

========================================================================
Received Import Request.
  Time since last request: 17.315979 seconds.
  path: Assets/Characters
  artifactKey: Guid(b1227cf225593a740b4302dc3ea49685) Importer(815301076,1909f56bfc062723c751e8b465ee728b)
Start importing Assets/Characters using Guid(b1227cf225593a740b4302dc3ea49685) Importer(815301076,1909f56bfc062723c751e8b465ee728b)  -> (artifact id: '8383760f4bf33c6b845749d2b886abf8') in 0.077485 seconds 
  Import took 0.080410 seconds .

========================================================================
Received Import Request.
  Time since last request: 0.049890 seconds.
  path: Assets/Characters/Gears of War 4 - Marcus Farmer.prefab
  artifactKey: Guid(7210213aa6e6a2342b179253c629eac6) Importer(815301076,1909f56bfc062723c751e8b465ee728b)
Start importing Assets/Characters/Gears of War 4 - Marcus Farmer.prefab using Guid(7210213aa6e6a2342b179253c629eac6) Importer(815301076,1909f56bfc062723c751e8b465ee728b)  -> (artifact id: '49e68c566a620501fd3ab2de5ddc5b1c') in 0.295944 seconds 
  Import took 0.301870 seconds .

========================================================================
Received Import Request.
  Time since last request: 0.000307 seconds.
  path: Assets/Characters/No Materials.fbx
  artifactKey: Guid(703fffa1804d9bb47a8ef7e8f08ad595) Importer(815301076,1909f56bfc062723c751e8b465ee728b)
Start importing Assets/Characters/No Materials.fbx using Guid(703fffa1804d9bb47a8ef7e8f08ad595) Importer(815301076,1909f56bfc062723c751e8b465ee728b)  -> (artifact id: 'e80259ca8d7505cca97237962d621955') in 0.122905 seconds 
  Import took 0.129248 seconds .

========================================================================
Received Import Request.
  Time since last request: 0.000447 seconds.
  path: Assets/Characters/PC0002_00_lod0.fbx
  artifactKey: Guid(ee2fcb90f0e7910489ed273e76e51b65) Importer(815301076,1909f56bfc062723c751e8b465ee728b)
Start importing Assets/Characters/PC0002_00_lod0.fbx using Guid(ee2fcb90f0e7910489ed273e76e51b65) Importer(815301076,1909f56bfc062723c751e8b465ee728b)  -> (artifact id: '3e5cba5ec3ae54dc1258e52a32aa95c8') in 0.140516 seconds 
  Import took 0.145583 seconds .

========================================================================
Received Import Request.
  Time since last request: 0.000300 seconds.
  path: Assets/Characters/Noctis.FBX
  artifactKey: Guid(1a42aa0e922f10b4aaac5df554f72408) Importer(815301076,1909f56bfc062723c751e8b465ee728b)
Start importing Assets/Characters/Noctis.FBX using Guid(1a42aa0e922f10b4aaac5df554f72408) Importer(815301076,1909f56bfc062723c751e8b465ee728b)  -> (artifact id: 'dbd17cd57c24823388e5187bba99251f') in 0.154586 seconds 
  Import took 0.157378 seconds .

========================================================================
Received Import Request.
  Time since last request: 4.310223 seconds.
  path: Assets/Medieval village/Update/Prefabs/AnimatedLight.prefab
  artifactKey: Guid(6a3eb425782c77240bd23cc7a309c5d4) Importer(815301076,1909f56bfc062723c751e8b465ee728b)
Start importing Assets/Medieval village/Update/Prefabs/AnimatedLight.prefab using Guid(6a3eb425782c77240bd23cc7a309c5d4) Importer(815301076,1909f56bfc062723c751e8b465ee728b)  -> (artifact id: 'e57dc2eaf0cbc852faea966e2727e335') in 0.005748 seconds 
  Import took 0.008654 seconds .

========================================================================
Received Import Request.
  Time since last request: 0.000326 seconds.
  path: Assets/Kevin Iglesias/IKHelperTool/Example Scene/Animations/MiningAnimation.fbx
  artifactKey: Guid(cb25713a045e4c64da93a1492fabeb0d) Importer(815301076,1909f56bfc062723c751e8b465ee728b)
Start importing Assets/Kevin Iglesias/IKHelperTool/Example Scene/Animations/MiningAnimation.fbx using Guid(cb25713a045e4c64da93a1492fabeb0d) Importer(815301076,1909f56bfc062723c751e8b465ee728b)  -> (artifact id: '24ffbb3455a5f6c98c75d696713e826e') in 0.395041 seconds 
  Import took 0.400486 seconds .

========================================================================
Received Import Request.
  Time since last request: 1.567195 seconds.
  path: Assets/Grruzam Powerful Sword Animation(Great Sword, Katana)/Animation
  artifactKey: Guid(a1b6eec16f5715c44b688a2777b9be10) Importer(815301076,1909f56bfc062723c751e8b465ee728b)
Start importing Assets/Grruzam Powerful Sword Animation(Great Sword, Katana)/Animation using Guid(a1b6eec16f5715c44b688a2777b9be10) Importer(815301076,1909f56bfc062723c751e8b465ee728b)  -> (artifact id: '0fed7eafe12dd9a3dd1f31d3ed104774') in 0.003224 seconds 
  Import took 0.006320 seconds .

========================================================================
Received Import Request.
  Time since last request: 0.000951 seconds.
  path: Assets/Grruzam Powerful Sword Animation(Great Sword, Katana)/Animation
  artifactKey: Guid(a1b6eec16f5715c44b688a2777b9be10) Importer(815301076,1909f56bfc062723c751e8b465ee728b)
Start importing Assets/Grruzam Powerful Sword Animation(Great Sword, Katana)/Animation using Guid(a1b6eec16f5715c44b688a2777b9be10) Importer(815301076,1909f56bfc062723c751e8b465ee728b)  -> (artifact id: '0fed7eafe12dd9a3dd1f31d3ed104774') in 0.003200 seconds 
  Import took 0.006616 seconds .

========================================================================
Received Import Request.
  Time since last request: 0.777926 seconds.
  path: Assets/Medieval village/Environment/Meshes/Animation
  artifactKey: Guid(cdd20108ff50a6d4fbb2f2ae4a635d31) Importer(815301076,1909f56bfc062723c751e8b465ee728b)
Start importing Assets/Medieval village/Environment/Meshes/Animation using Guid(cdd20108ff50a6d4fbb2f2ae4a635d31) Importer(815301076,1909f56bfc062723c751e8b465ee728b)  -> (artifact id: 'e6b9850b0a3685e988790d12d4842169') in 0.002563 seconds 
  Import took 0.005859 seconds .

========================================================================
Received Import Request.
  Time since last request: 0.001273 seconds.
  path: Assets/Medieval village/Environment/Meshes/Animation
  artifactKey: Guid(cdd20108ff50a6d4fbb2f2ae4a635d31) Importer(815301076,1909f56bfc062723c751e8b465ee728b)
Start importing Assets/Medieval village/Environment/Meshes/Animation using Guid(cdd20108ff50a6d4fbb2f2ae4a635d31) Importer(815301076,1909f56bfc062723c751e8b465ee728b)  -> (artifact id: 'e6b9850b0a3685e988790d12d4842169') in 0.003268 seconds 
  Import took 0.007120 seconds .

========================================================================
Received Import Request.
  Time since last request: 1.265354 seconds.
  path: Assets/Medieval village/Update/Animation
  artifactKey: Guid(5394d2bc4b267e54da0f7a2e1f4331e3) Importer(815301076,1909f56bfc062723c751e8b465ee728b)
Start importing Assets/Medieval village/Update/Animation using Guid(5394d2bc4b267e54da0f7a2e1f4331e3) Importer(815301076,1909f56bfc062723c751e8b465ee728b)  -> (artifact id: '23e60fa311d478a072e0826cc99257ac') in 0.002405 seconds 
  Import took 0.005400 seconds .

========================================================================
Received Import Request.
  Time since last request: 1.066613 seconds.
  path: Assets/Kevin Iglesias/IKHelperTool/Example Scene/Animations
  artifactKey: Guid(195a9c89dcb688344b4589cd1a60a025) Importer(815301076,1909f56bfc062723c751e8b465ee728b)
Start importing Assets/Kevin Iglesias/IKHelperTool/Example Scene/Animations using Guid(195a9c89dcb688344b4589cd1a60a025) Importer(815301076,1909f56bfc062723c751e8b465ee728b)  -> (artifact id: '4d3792d3f3fea688ff2fb41cc33d4c71') in 0.003049 seconds 
  Import took 0.006182 seconds .

========================================================================
Received Import Request.
  Time since last request: 0.000892 seconds.
  path: Assets/Kevin Iglesias/IKHelperTool/Example Scene/Animations
  artifactKey: Guid(195a9c89dcb688344b4589cd1a60a025) Importer(815301076,1909f56bfc062723c751e8b465ee728b)
Start importing Assets/Kevin Iglesias/IKHelperTool/Example Scene/Animations using Guid(195a9c89dcb688344b4589cd1a60a025) Importer(815301076,1909f56bfc062723c751e8b465ee728b)  -> (artifact id: '4d3792d3f3fea688ff2fb41cc33d4c71') in 0.003278 seconds 
  Import took 0.006400 seconds .

========================================================================
Received Import Request.
  Time since last request: 1.263079 seconds.
  path: Assets/Kevin Iglesias/Villager Animations Pack/Animations
  artifactKey: Guid(3c66ad48a667c7943b5c879ec86c1f98) Importer(815301076,1909f56bfc062723c751e8b465ee728b)
Start importing Assets/Kevin Iglesias/Villager Animations Pack/Animations using Guid(3c66ad48a667c7943b5c879ec86c1f98) Importer(815301076,1909f56bfc062723c751e8b465ee728b)  -> (artifact id: '31c69574a8e754621606b4513ab384de') in 0.002938 seconds 
  Import took 0.006283 seconds .

========================================================================
Received Import Request.
  Time since last request: 0.001301 seconds.
  path: Assets/Kevin Iglesias/Villager Animations Pack/Animations
  artifactKey: Guid(3c66ad48a667c7943b5c879ec86c1f98) Importer(815301076,1909f56bfc062723c751e8b465ee728b)
Start importing Assets/Kevin Iglesias/Villager Animations Pack/Animations using Guid(3c66ad48a667c7943b5c879ec86c1f98) Importer(815301076,1909f56bfc062723c751e8b465ee728b)  -> (artifact id: '31c69574a8e754621606b4513ab384de') in 0.004013 seconds 
  Import took 0.007262 seconds .

========================================================================
Received Import Request.
  Time since last request: 0.761378 seconds.
  path: Assets/MSK 2.2/Models/Player/Animations1
  artifactKey: Guid(3b46d33bc0277be4696489275ec2c22c) Importer(815301076,1909f56bfc062723c751e8b465ee728b)
Start importing Assets/MSK 2.2/Models/Player/Animations1 using Guid(3b46d33bc0277be4696489275ec2c22c) Importer(815301076,1909f56bfc062723c751e8b465ee728b)  -> (artifact id: '1c1dc18479a064ce87e415af700cde9e') in 0.790060 seconds 
  Import took 0.793851 seconds .

========================================================================
Received Import Request.
  Time since last request: 1.089222 seconds.
  path: Assets/MSK 2.2/Models/Player/Animations1/Back.FBX
  artifactKey: Guid(dc256bf8754f2e74e924994f674cb39d) Importer(815301076,1909f56bfc062723c751e8b465ee728b)
Start importing Assets/MSK 2.2/Models/Player/Animations1/Back.FBX using Guid(dc256bf8754f2e74e924994f674cb39d) Importer(815301076,1909f56bfc062723c751e8b465ee728b)  -> (artifact id: '902865b631a93147ba85ccac36836b25') in 0.484918 seconds 
  Import took 0.488496 seconds .

========================================================================
Received Import Request.
  Time since last request: 0.000280 seconds.
  path: Assets/MSK 2.2/Models/Player/Animations1/Ride.FBX
  artifactKey: Guid(d3e8c4ef6b572fa4b90b241621849cfd) Importer(815301076,1909f56bfc062723c751e8b465ee728b)
Start importing Assets/MSK 2.2/Models/Player/Animations1/Ride.FBX using Guid(d3e8c4ef6b572fa4b90b241621849cfd) Importer(815301076,1909f56bfc062723c751e8b465ee728b)  -> (artifact id: '27c848977340aee59731f3480811b105') in 0.050313 seconds 
  Import took 0.053185 seconds .

========================================================================
Received Import Request.
  Time since last request: 0.000288 seconds.
  path: Assets/MSK 2.2/Models/Player/Animations1/Jump.FBX
  artifactKey: Guid(e99d75785fa6e4544861c1a3d8f1b471) Importer(815301076,1909f56bfc062723c751e8b465ee728b)
Start importing Assets/MSK 2.2/Models/Player/Animations1/Jump.FBX using Guid(e99d75785fa6e4544861c1a3d8f1b471) Importer(815301076,1909f56bfc062723c751e8b465ee728b)  -> (artifact id: 'f5323426f31e232de7909675201b98d6') in 0.042859 seconds 
  Import took 0.046356 seconds .

========================================================================
Received Import Request.
  Time since last request: 0.000275 seconds.
  path: Assets/MSK 2.2/Models/Player/Animations1/Right.FBX
  artifactKey: Guid(e0357d7d684522e49a03bec6d97721b9) Importer(815301076,1909f56bfc062723c751e8b465ee728b)
Start importing Assets/MSK 2.2/Models/Player/Animations1/Right.FBX using Guid(e0357d7d684522e49a03bec6d97721b9) Importer(815301076,1909f56bfc062723c751e8b465ee728b)  -> (artifact id: '529248779161ae59911735c10e85d5ec') in 0.042159 seconds 
  Import took 0.045115 seconds .

========================================================================
Received Import Request.
  Time since last request: 2.543817 seconds.
  path: Assets/MSK 2.2/Models/Player/Animations1/Materials
  artifactKey: Guid(5a9868ddc0330574ca6a5e376cb67559) Importer(815301076,1909f56bfc062723c751e8b465ee728b)
Start importing Assets/MSK 2.2/Models/Player/Animations1/Materials using Guid(5a9868ddc0330574ca6a5e376cb67559) Importer(815301076,1909f56bfc062723c751e8b465ee728b)  -> (artifact id: 'ee3dbdf46d87c3f1bd06b85d16fd556e') in 0.002874 seconds 
  Import took 0.006104 seconds .

========================================================================
Received Import Request.
  Time since last request: 38.320369 seconds.
  path: Assets/final-fantasy-xv-noctis-lucis-caelum/NoctisController.controller
  artifactKey: Guid(7693cfe38ebc9244da187cd6bd747b1b) Importer(815301076,1909f56bfc062723c751e8b465ee728b)
Start importing Assets/final-fantasy-xv-noctis-lucis-caelum/NoctisController.controller using Guid(7693cfe38ebc9244da187cd6bd747b1b) Importer(815301076,1909f56bfc062723c751e8b465ee728b)  -> (artifact id: '204a074bdd2ffa6ae38b97676a4f652d') in 0.161140 seconds 
  Import took 0.165220 seconds .

========================================================================
Received Import Request.
  Time since last request: 4.798183 seconds.
  path: Assets/final-fantasy-xv-noctis-lucis-caelum/Noctis.3DS
  artifactKey: Guid(ff978cac52bfeb44b95ea4a3285d49e9) Importer(815301076,1909f56bfc062723c751e8b465ee728b)
Start importing Assets/final-fantasy-xv-noctis-lucis-caelum/Noctis.3DS using Guid(ff978cac52bfeb44b95ea4a3285d49e9) Importer(815301076,1909f56bfc062723c751e8b465ee728b)  -> (artifact id: 'd69c46dbc9403326fa2e2d7f3b47fbf4') in 0.302498 seconds 
  Import took 0.305971 seconds .

========================================================================
Received Import Request.
  Time since last request: 0.000264 seconds.
  path: Assets/final-fantasy-xv-noctis-lucis-caelum/Noctis.obj
  artifactKey: Guid(844ecd9d67d970248ab5d8529439ec12) Importer(815301076,1909f56bfc062723c751e8b465ee728b)
Start importing Assets/final-fantasy-xv-noctis-lucis-caelum/Noctis.obj using Guid(844ecd9d67d970248ab5d8529439ec12) Importer(815301076,1909f56bfc062723c751e8b465ee728b)  -> (artifact id: '2c6ec185504f399e17f8988ebf0c1e22') in 0.351158 seconds 
  Import took 0.354662 seconds .

========================================================================
Received Import Request.
  Time since last request: 0.000330 seconds.
  path: Assets/final-fantasy-xv-noctis-lucis-caelum/Noctis.FBX
  artifactKey: Guid(3c1aba226af248547b61c995fb063ffa) Importer(815301076,1909f56bfc062723c751e8b465ee728b)
Start importing Assets/final-fantasy-xv-noctis-lucis-caelum/Noctis.FBX using Guid(3c1aba226af248547b61c995fb063ffa) Importer(815301076,1909f56bfc062723c751e8b465ee728b)  -> (artifact id: 'f88e7eaf719ac061054f34736d286c4e') in 0.257115 seconds 
  Import took 0.260180 seconds .

========================================================================
Received Prepare
Registering precompiled user dll's ...
Registered in 0.006727 seconds.
Begin MonoManager ReloadAssembly
Native extension for WindowsStandalone target not found
Refreshing native plugins compatible for Editor in 0.56 ms, found 2 plugins.
Preloading 0 native plugins for Editor in 0.00 ms.
Mono: successfully reloaded assembly
- Completed reload, in  0.943 seconds
Domain Reload Profiling:
	ReloadAssembly (943ms)
		BeginReloadAssembly (120ms)
			ExecutionOrderSort (0ms)
			DisableScriptedObjects (4ms)
			BackupInstance (0ms)
			ReleaseScriptingObjects (0ms)
			CreateAndSetChildDomain (30ms)
		EndReloadAssembly (766ms)
			LoadAssemblies (109ms)
			RebuildTransferFunctionScriptingTraits (0ms)
			SetupTypeCache (263ms)
			ReleaseScriptCaches (1ms)
			RebuildScriptCaches (39ms)
			SetupLoadedEditorAssemblies (288ms)
				LogAssemblyErrors (0ms)
				InitializePlatformSupportModulesInManaged (5ms)
				SetLoadedEditorAssemblies (0ms)
				RefreshPlugins (1ms)
				BeforeProcessingInitializeOnLoad (75ms)
				ProcessInitializeOnLoadAttributes (200ms)
				ProcessInitializeOnLoadMethodAttributes (6ms)
				AfterProcessingInitializeOnLoad (2ms)
				EditorAssembliesLoaded (0ms)
			ExecutionOrderSort2 (0ms)
			AwakeInstancesAfterBackupRestoration (6ms)
Platform modules already initialized, skipping
Refreshing native plugins compatible for Editor in 0.55 ms, found 2 plugins.
Preloading 0 native plugins for Editor in 0.00 ms.
Unloading 1608 Unused Serialized files (Serialized files now loaded: 0)
System memory in use before: 99.1 MB.
System memory in use after: 95.9 MB.

Unloading 39 unused Assets to reduce memory usage. Loaded Objects now: 2090.
Total: 3.754500 ms (FindLiveObjects: 0.136800 ms CreateObjectMapping: 0.044900 ms MarkObjects: 1.759900 ms  DeleteObjects: 1.812000 ms)

AssetImportParameters requested are different than current active one (requested -> active):
  custom:framework-win-MediaFoundation: 216162199b28c13a410421893ffa2e32 -> 
  custom:video-decoder-ogg-theora: a1e56fd34408186e4bbccfd4996cb3dc -> 
  custom:container-muxer-webm: aa71ff27fc2769a1b78a27578f13a17b -> 
  custom:container-demuxer-webm: 4f35f7cbe854078d1ac9338744f61a02 -> 
  custom:container-demuxer-ogg: 62fdf1f143b41e24485cea50d1cbac27 -> 
  custom:video-encoder-webm-vp8: eb34c28f22e8b96e1ab97ce403110664 -> 
  custom:video-codec-MediaFoundation-h265: 746d11721c4dcdbdad8f713fa42b33f4 -> 
  custom:video-decoder-webm-vp8: 9c59270c3fd7afecdb556c50c9e8de78 -> 
  custom:audio-decoder-ogg-vorbis: bf7c407c2cedff20999df2af8eb42d56 -> 
  custom:audio-encoder-webm-vorbis: bf7c407c2cedff20999df2af8eb42d56 -> 
========================================================================
Received Prepare
Registering precompiled user dll's ...
Registered in 0.004476 seconds.
Begin MonoManager ReloadAssembly
Native extension for WindowsStandalone target not found
Refreshing native plugins compatible for Editor in 0.64 ms, found 2 plugins.
Preloading 0 native plugins for Editor in 0.00 ms.
Mono: successfully reloaded assembly
- Completed reload, in  1.088 seconds
Domain Reload Profiling:
	ReloadAssembly (1089ms)
		BeginReloadAssembly (148ms)
			ExecutionOrderSort (0ms)
			DisableScriptedObjects (4ms)
			BackupInstance (0ms)
			ReleaseScriptingObjects (0ms)
			CreateAndSetChildDomain (38ms)
		EndReloadAssembly (871ms)
			LoadAssemblies (132ms)
			RebuildTransferFunctionScriptingTraits (0ms)
			SetupTypeCache (298ms)
			ReleaseScriptCaches (1ms)
			RebuildScriptCaches (43ms)
			SetupLoadedEditorAssemblies (321ms)
				LogAssemblyErrors (0ms)
				InitializePlatformSupportModulesInManaged (5ms)
				SetLoadedEditorAssemblies (0ms)
				RefreshPlugins (1ms)
				BeforeProcessingInitializeOnLoad (82ms)
				ProcessInitializeOnLoadAttributes (226ms)
				ProcessInitializeOnLoadMethodAttributes (4ms)
				AfterProcessingInitializeOnLoad (2ms)
				EditorAssembliesLoaded (0ms)
			ExecutionOrderSort2 (0ms)
			AwakeInstancesAfterBackupRestoration (6ms)
Platform modules already initialized, skipping
Refreshing native plugins compatible for Editor in 0.91 ms, found 2 plugins.
Preloading 0 native plugins for Editor in 0.00 ms.
Unloading 1608 Unused Serialized files (Serialized files now loaded: 0)
System memory in use before: 99.2 MB.
System memory in use after: 95.9 MB.

Unloading 38 unused Assets to reduce memory usage. Loaded Objects now: 2093.
Total: 4.163600 ms (FindLiveObjects: 0.189000 ms CreateObjectMapping: 0.045200 ms MarkObjects: 1.926700 ms  DeleteObjects: 2.001700 ms)

AssetImportParameters requested are different than current active one (requested -> active):
  custom:framework-win-MediaFoundation: 216162199b28c13a410421893ffa2e32 -> 
  custom:video-decoder-ogg-theora: a1e56fd34408186e4bbccfd4996cb3dc -> 
  custom:container-muxer-webm: aa71ff27fc2769a1b78a27578f13a17b -> 
  custom:container-demuxer-webm: 4f35f7cbe854078d1ac9338744f61a02 -> 
  custom:container-demuxer-ogg: 62fdf1f143b41e24485cea50d1cbac27 -> 
  custom:video-encoder-webm-vp8: eb34c28f22e8b96e1ab97ce403110664 -> 
  custom:video-codec-MediaFoundation-h265: 746d11721c4dcdbdad8f713fa42b33f4 -> 
  custom:video-decoder-webm-vp8: 9c59270c3fd7afecdb556c50c9e8de78 -> 
  custom:audio-decoder-ogg-vorbis: bf7c407c2cedff20999df2af8eb42d56 -> 
  custom:audio-encoder-webm-vorbis: bf7c407c2cedff20999df2af8eb42d56 -> 
========================================================================
Received Prepare
Registering precompiled user dll's ...
Registered in 0.004898 seconds.
Begin MonoManager ReloadAssembly
Native extension for WindowsStandalone target not found
Refreshing native plugins compatible for Editor in 0.62 ms, found 2 plugins.
Preloading 0 native plugins for Editor in 0.00 ms.
Mono: successfully reloaded assembly
- Completed reload, in  0.979 seconds
Domain Reload Profiling:
	ReloadAssembly (979ms)
		BeginReloadAssembly (122ms)
			ExecutionOrderSort (0ms)
			DisableScriptedObjects (4ms)
			BackupInstance (0ms)
			ReleaseScriptingObjects (0ms)
			CreateAndSetChildDomain (29ms)
		EndReloadAssembly (795ms)
			LoadAssemblies (104ms)
			RebuildTransferFunctionScriptingTraits (0ms)
			SetupTypeCache (290ms)
			ReleaseScriptCaches (1ms)
			RebuildScriptCaches (41ms)
			SetupLoadedEditorAssemblies (285ms)
				LogAssemblyErrors (0ms)
				InitializePlatformSupportModulesInManaged (5ms)
				SetLoadedEditorAssemblies (0ms)
				RefreshPlugins (1ms)
				BeforeProcessingInitializeOnLoad (78ms)
				ProcessInitializeOnLoadAttributes (196ms)
				ProcessInitializeOnLoadMethodAttributes (4ms)
				AfterProcessingInitializeOnLoad (2ms)
				EditorAssembliesLoaded (0ms)
			ExecutionOrderSort2 (0ms)
			AwakeInstancesAfterBackupRestoration (6ms)
Platform modules already initialized, skipping
Refreshing native plugins compatible for Editor in 0.91 ms, found 2 plugins.
Preloading 0 native plugins for Editor in 0.00 ms.
Unloading 1608 Unused Serialized files (Serialized files now loaded: 0)
System memory in use before: 99.2 MB.
System memory in use after: 95.9 MB.

Unloading 38 unused Assets to reduce memory usage. Loaded Objects now: 2096.
Total: 4.172600 ms (FindLiveObjects: 0.156400 ms CreateObjectMapping: 0.042800 ms MarkObjects: 2.112200 ms  DeleteObjects: 1.860400 ms)

AssetImportParameters requested are different than current active one (requested -> active):
  custom:framework-win-MediaFoundation: 216162199b28c13a410421893ffa2e32 -> 
  custom:video-decoder-ogg-theora: a1e56fd34408186e4bbccfd4996cb3dc -> 
  custom:container-muxer-webm: aa71ff27fc2769a1b78a27578f13a17b -> 
  custom:container-demuxer-webm: 4f35f7cbe854078d1ac9338744f61a02 -> 
  custom:container-demuxer-ogg: 62fdf1f143b41e24485cea50d1cbac27 -> 
  custom:video-encoder-webm-vp8: eb34c28f22e8b96e1ab97ce403110664 -> 
  custom:video-codec-MediaFoundation-h265: 746d11721c4dcdbdad8f713fa42b33f4 -> 
  custom:video-decoder-webm-vp8: 9c59270c3fd7afecdb556c50c9e8de78 -> 
  custom:audio-decoder-ogg-vorbis: bf7c407c2cedff20999df2af8eb42d56 -> 
  custom:audio-encoder-webm-vorbis: bf7c407c2cedff20999df2af8eb42d56 -> 
========================================================================
Received Prepare
Registering precompiled user dll's ...
Registered in 0.004653 seconds.
Begin MonoManager ReloadAssembly
Native extension for WindowsStandalone target not found
Refreshing native plugins compatible for Editor in 0.66 ms, found 2 plugins.
Preloading 0 native plugins for Editor in 0.00 ms.
Mono: successfully reloaded assembly
- Completed reload, in  0.958 seconds
Domain Reload Profiling:
	ReloadAssembly (959ms)
		BeginReloadAssembly (127ms)
			ExecutionOrderSort (0ms)
			DisableScriptedObjects (4ms)
			BackupInstance (0ms)
			ReleaseScriptingObjects (0ms)
			CreateAndSetChildDomain (31ms)
		EndReloadAssembly (778ms)
			LoadAssemblies (103ms)
			RebuildTransferFunctionScriptingTraits (0ms)
			SetupTypeCache (256ms)
			ReleaseScriptCaches (1ms)
			RebuildScriptCaches (40ms)
			SetupLoadedEditorAssemblies (303ms)
				LogAssemblyErrors (0ms)
				InitializePlatformSupportModulesInManaged (5ms)
				SetLoadedEditorAssemblies (1ms)
				RefreshPlugins (1ms)
				BeforeProcessingInitializeOnLoad (83ms)
				ProcessInitializeOnLoadAttributes (208ms)
				ProcessInitializeOnLoadMethodAttributes (4ms)
				AfterProcessingInitializeOnLoad (2ms)
				EditorAssembliesLoaded (0ms)
			ExecutionOrderSort2 (0ms)
			AwakeInstancesAfterBackupRestoration (7ms)
Platform modules already initialized, skipping
Refreshing native plugins compatible for Editor in 0.60 ms, found 2 plugins.
Preloading 0 native plugins for Editor in 0.00 ms.
Unloading 1608 Unused Serialized files (Serialized files now loaded: 0)
System memory in use before: 99.2 MB.
System memory in use after: 95.9 MB.

Unloading 38 unused Assets to reduce memory usage. Loaded Objects now: 2099.
Total: 4.402500 ms (FindLiveObjects: 0.219400 ms CreateObjectMapping: 0.073400 ms MarkObjects: 2.106600 ms  DeleteObjects: 2.001900 ms)

AssetImportParameters requested are different than current active one (requested -> active):
  custom:framework-win-MediaFoundation: 216162199b28c13a410421893ffa2e32 -> 
  custom:video-decoder-ogg-theora: a1e56fd34408186e4bbccfd4996cb3dc -> 
  custom:container-muxer-webm: aa71ff27fc2769a1b78a27578f13a17b -> 
  custom:container-demuxer-webm: 4f35f7cbe854078d1ac9338744f61a02 -> 
  custom:container-demuxer-ogg: 62fdf1f143b41e24485cea50d1cbac27 -> 
  custom:video-encoder-webm-vp8: eb34c28f22e8b96e1ab97ce403110664 -> 
  custom:video-codec-MediaFoundation-h265: 746d11721c4dcdbdad8f713fa42b33f4 -> 
  custom:video-decoder-webm-vp8: 9c59270c3fd7afecdb556c50c9e8de78 -> 
  custom:audio-decoder-ogg-vorbis: bf7c407c2cedff20999df2af8eb42d56 -> 
  custom:audio-encoder-webm-vorbis: bf7c407c2cedff20999df2af8eb42d56 -> 
========================================================================
Received Prepare
Registering precompiled user dll's ...
Registered in 0.004421 seconds.
Begin MonoManager ReloadAssembly
Native extension for WindowsStandalone target not found
Refreshing native plugins compatible for Editor in 0.56 ms, found 2 plugins.
Preloading 0 native plugins for Editor in 0.00 ms.
Mono: successfully reloaded assembly
- Completed reload, in  0.919 seconds
Domain Reload Profiling:
	ReloadAssembly (920ms)
		BeginReloadAssembly (120ms)
			ExecutionOrderSort (0ms)
			DisableScriptedObjects (4ms)
			BackupInstance (0ms)
			ReleaseScriptingObjects (0ms)
			CreateAndSetChildDomain (30ms)
		EndReloadAssembly (740ms)
			LoadAssemblies (107ms)
			RebuildTransferFunctionScriptingTraits (0ms)
			SetupTypeCache (247ms)
			ReleaseScriptCaches (1ms)
			RebuildScriptCaches (37ms)
			SetupLoadedEditorAssemblies (283ms)
				LogAssemblyErrors (0ms)
				InitializePlatformSupportModulesInManaged (5ms)
				SetLoadedEditorAssemblies (0ms)
				RefreshPlugins (1ms)
				BeforeProcessingInitializeOnLoad (73ms)
				ProcessInitializeOnLoadAttributes (197ms)
				ProcessInitializeOnLoadMethodAttributes (4ms)
				AfterProcessingInitializeOnLoad (3ms)
				EditorAssembliesLoaded (0ms)
			ExecutionOrderSort2 (0ms)
			AwakeInstancesAfterBackupRestoration (6ms)
Platform modules already initialized, skipping
Refreshing native plugins compatible for Editor in 0.57 ms, found 2 plugins.
Preloading 0 native plugins for Editor in 0.00 ms.
Unloading 1608 Unused Serialized files (Serialized files now loaded: 0)
System memory in use before: 99.2 MB.
System memory in use after: 95.9 MB.

Unloading 38 unused Assets to reduce memory usage. Loaded Objects now: 2102.
Total: 4.940100 ms (FindLiveObjects: 0.174900 ms CreateObjectMapping: 0.046200 ms MarkObjects: 2.069000 ms  DeleteObjects: 2.648600 ms)

AssetImportParameters requested are different than current active one (requested -> active):
  custom:framework-win-MediaFoundation: 216162199b28c13a410421893ffa2e32 -> 
  custom:video-decoder-ogg-theora: a1e56fd34408186e4bbccfd4996cb3dc -> 
  custom:container-muxer-webm: aa71ff27fc2769a1b78a27578f13a17b -> 
  custom:container-demuxer-webm: 4f35f7cbe854078d1ac9338744f61a02 -> 
  custom:container-demuxer-ogg: 62fdf1f143b41e24485cea50d1cbac27 -> 
  custom:video-encoder-webm-vp8: eb34c28f22e8b96e1ab97ce403110664 -> 
  custom:video-codec-MediaFoundation-h265: 746d11721c4dcdbdad8f713fa42b33f4 -> 
  custom:video-decoder-webm-vp8: 9c59270c3fd7afecdb556c50c9e8de78 -> 
  custom:audio-decoder-ogg-vorbis: bf7c407c2cedff20999df2af8eb42d56 -> 
  custom:audio-encoder-webm-vorbis: bf7c407c2cedff20999df2af8eb42d56 -> 
========================================================================
Received Import Request.
  Time since last request: 900.929906 seconds.
  path: Assets/Prefabs
  artifactKey: Guid(e9bfa983487ac704280ea87a805a290e) Importer(815301076,1909f56bfc062723c751e8b465ee728b)
Start importing Assets/Prefabs using Guid(e9bfa983487ac704280ea87a805a290e) Importer(815301076,1909f56bfc062723c751e8b465ee728b)  -> (artifact id: '3022fd8e9525a0e17f40221f1ab93e63') in 0.022139 seconds 
  Import took 0.025127 seconds .

========================================================================
Received Import Request.
  Time since last request: 0.065211 seconds.
  path: Assets/Prefabs/Gears of War 4 - Marcus Farmer.prefab
  artifactKey: Guid(77bff08fb08e46b4091cd7cba3d70bbc) Importer(815301076,1909f56bfc062723c751e8b465ee728b)
Start importing Assets/Prefabs/Gears of War 4 - Marcus Farmer.prefab using Guid(77bff08fb08e46b4091cd7cba3d70bbc) Importer(815301076,1909f56bfc062723c751e8b465ee728b)  -> (artifact id: '7882ca34b1672eaf1aacb7ddd6ad0f9c') in 0.103679 seconds 
  Import took 0.109692 seconds .

========================================================================
Received Import Request.
  Time since last request: 0.000295 seconds.
  path: Assets/Prefabs/Motorbike1 1.prefab
  artifactKey: Guid(0ee776d7b05557a45a9377fdd012f926) Importer(815301076,1909f56bfc062723c751e8b465ee728b)
Start importing Assets/Prefabs/Motorbike1 1.prefab using Guid(0ee776d7b05557a45a9377fdd012f926) Importer(815301076,1909f56bfc062723c751e8b465ee728b)  -> (artifact id: '01784cad6f8ba1a90d25a45e08980516') in 0.570530 seconds 
  Import took 0.574995 seconds .

========================================================================
Received Import Request.
  Time since last request: 0.000248 seconds.
  path: Assets/Prefabs/Tifa.prefab
  artifactKey: Guid(d05ec75412d2db24bac9256fd2277d6a) Importer(815301076,1909f56bfc062723c751e8b465ee728b)
Start importing Assets/Prefabs/Tifa.prefab using Guid(d05ec75412d2db24bac9256fd2277d6a) Importer(815301076,1909f56bfc062723c751e8b465ee728b)  -> (artifact id: '21d649768059787fcbd6265c23c7e837') in 0.132450 seconds 
  Import took 0.143658 seconds .

========================================================================
Received Import Request.
  Time since last request: 0.000319 seconds.
  path: Assets/Prefabs/Third Person Camera.prefab
  artifactKey: Guid(4c8e747fff1578d43a8421d75a983ffa) Importer(815301076,1909f56bfc062723c751e8b465ee728b)
Start importing Assets/Prefabs/Third Person Camera.prefab using Guid(4c8e747fff1578d43a8421d75a983ffa) Importer(815301076,1909f56bfc062723c751e8b465ee728b)  -> (artifact id: '4455f062a206aa16d610f00d53335111') in 0.029399 seconds 
  Import took 0.033956 seconds .

========================================================================
Received Import Request.
  Time since last request: 0.000510 seconds.
  path: Assets/Prefabs/Motorbike1.prefab
  artifactKey: Guid(7a5d0a4f3c3462d47bcc6d4e6455e828) Importer(815301076,1909f56bfc062723c751e8b465ee728b)
Start importing Assets/Prefabs/Motorbike1.prefab using Guid(7a5d0a4f3c3462d47bcc6d4e6455e828) Importer(815301076,1909f56bfc062723c751e8b465ee728b)  -> (artifact id: '6876020e1f7a18a8a027e920dd7b2eae') in 0.066041 seconds 
  Import took 0.072535 seconds .

========================================================================
Received Import Request.
  Time since last request: 0.000254 seconds.
  path: Assets/Prefabs/Sci-fi Shotgun Ammo 1.prefab
  artifactKey: Guid(f7cdf877cb655fc469a03a36126119d9) Importer(815301076,1909f56bfc062723c751e8b465ee728b)
Start importing Assets/Prefabs/Sci-fi Shotgun Ammo 1.prefab using Guid(f7cdf877cb655fc469a03a36126119d9) Importer(815301076,1909f56bfc062723c751e8b465ee728b)  -> (artifact id: '519091db65ed574c8e8b163045d19f30') in 0.010314 seconds 
  Import took 0.013335 seconds .

========================================================================
Received Import Request.
  Time since last request: 0.000246 seconds.
  path: Assets/Prefabs/Noctis.prefab
  artifactKey: Guid(4ff7790825201ab449af6cde3e199dc9) Importer(815301076,1909f56bfc062723c751e8b465ee728b)
Start importing Assets/Prefabs/Noctis.prefab using Guid(4ff7790825201ab449af6cde3e199dc9) Importer(815301076,1909f56bfc062723c751e8b465ee728b)  -> (artifact id: '98bd26248f95f5d87b20369517883397') in 0.235493 seconds 
  Import took 0.242311 seconds .

========================================================================
Received Import Request.
  Time since last request: 0.303343 seconds.
  path: Assets/Prefabs/Bullet.prefab
  artifactKey: Guid(610363ab7098d5947ae8e7cb8d96da38) Importer(815301076,1909f56bfc062723c751e8b465ee728b)
Start importing Assets/Prefabs/Bullet.prefab using Guid(610363ab7098d5947ae8e7cb8d96da38) Importer(815301076,1909f56bfc062723c751e8b465ee728b)  -> (artifact id: '177e5334938fe3f15ae85bd4db17ff71') in 0.023889 seconds 
  Import took 0.027690 seconds .

========================================================================
Received Import Request.
  Time since last request: 0.000349 seconds.
  path: Assets/Prefabs/Third Person Camera.prefab
  artifactKey: Guid(4c8e747fff1578d43a8421d75a983ffa) Importer(815301076,1909f56bfc062723c751e8b465ee728b)
Start importing Assets/Prefabs/Third Person Camera.prefab using Guid(4c8e747fff1578d43a8421d75a983ffa) Importer(815301076,1909f56bfc062723c751e8b465ee728b)  -> (artifact id: '9f55d87adf3a8e5d9409ffd2a27c5982') in 0.005418 seconds 
  Import took 0.008502 seconds .

========================================================================
Received Import Request.
  Time since last request: 0.008479 seconds.
  path: Assets/Prefabs/Bullet.prefab
  artifactKey: Guid(610363ab7098d5947ae8e7cb8d96da38) Importer(815301076,1909f56bfc062723c751e8b465ee728b)
Start importing Assets/Prefabs/Bullet.prefab using Guid(610363ab7098d5947ae8e7cb8d96da38) Importer(815301076,1909f56bfc062723c751e8b465ee728b)  -> (artifact id: '177e5334938fe3f15ae85bd4db17ff71') in 0.019651 seconds 
  Import took 0.023260 seconds .

AssetImportWorkerClient::OnTransportError - code=2 error=End of file
