Using pre-set license
Built from '2020.3/staging' branch; Version is '2020.3.14f1 (d0d1bb862f9d) revision 13685179'; Using compiler version '192528614'; Build Type 'Release'
OS: 'Windows 10 Home Single Language; OS build 19043.1415; Version 2009; 64bit' Language: 'en' Physical Memory: 16191 MB
BatchMode: 1, IsHumanControllingUs: 0, StartBugReporterOnCrash: 0, Is64bit: 1, IsPro: 0

 COMMAND LINE ARGUMENTS:
E:\UnityHub\2020.3.14f1\Editor\Unity.exe
-adb2
-batchMode
-noUpm
-name
AssetImportWorker5
-projectPath
E:/Game/Action RPG/Major-RPG/Nexus Major
-logFile
Logs/AssetImportWorker5.log
-srvPort
62497
Successfully changed project path to: E:/Game/Action RPG/Major-RPG/Nexus Major
E:/Game/Action RPG/Major-RPG/Nexus Major
Using Asset Import Pipeline V2.
Refreshing native plugins compatible for Editor in 127.79 ms, found 2 plugins.
Preloading 0 native plugins for Editor in 0.00 ms.
Initialize engine version: 2020.3.14f1 (d0d1bb862f9d)
[Subsystems] Discovering subsystems at path E:/UnityHub/2020.3.14f1/Editor/Data/Resources/UnitySubsystems
[Subsystems] Discovering subsystems at path E:/Game/Action RPG/Major-RPG/Nexus Major/Assets
GfxDevice: creating device client; threaded=0
Direct3D:
    Version:  Direct3D 11.0 [level 11.1]
    Renderer: NVIDIA GeForce GTX 1050 Ti (ID=0x1c8c)
    Vendor:   
    VRAM:     4019 MB
    Driver:   30.0.14.9676
Initialize mono
Mono path[0] = 'E:/UnityHub/2020.3.14f1/Editor/Data/Managed'
Mono path[1] = 'E:/UnityHub/2020.3.14f1/Editor/Data/MonoBleedingEdge/lib/mono/unityjit'
Mono config path = 'E:/UnityHub/2020.3.14f1/Editor/Data/MonoBleedingEdge/etc'
Using monoOptions --debugger-agent=transport=dt_socket,embedding=1,server=y,suspend=n,address=127.0.0.1:56744
Begin MonoManager ReloadAssembly
Registering precompiled unity dll's ...
Register platform support module: E:/UnityHub/2020.3.14f1/Editor/Data/PlaybackEngines/WindowsStandaloneSupport/UnityEditor.WindowsStandalone.Extensions.dll
Registered in 0.001506 seconds.
Native extension for WindowsStandalone target not found
Refreshing native plugins compatible for Editor in 346.10 ms, found 2 plugins.
Preloading 0 native plugins for Editor in 0.00 ms.
Mono: successfully reloaded assembly
- Completed reload, in  4.339 seconds
Domain Reload Profiling:
	ReloadAssembly (4339ms)
		BeginReloadAssembly (72ms)
			ExecutionOrderSort (0ms)
			DisableScriptedObjects (0ms)
			BackupInstance (0ms)
			ReleaseScriptingObjects (0ms)
			CreateAndSetChildDomain (1ms)
		EndReloadAssembly (995ms)
			LoadAssemblies (72ms)
			RebuildTransferFunctionScriptingTraits (0ms)
			SetupTypeCache (280ms)
			ReleaseScriptCaches (0ms)
			RebuildScriptCaches (39ms)
			SetupLoadedEditorAssemblies (557ms)
				LogAssemblyErrors (0ms)
				InitializePlatformSupportModulesInManaged (4ms)
				SetLoadedEditorAssemblies (0ms)
				RefreshPlugins (346ms)
				BeforeProcessingInitializeOnLoad (14ms)
				ProcessInitializeOnLoadAttributes (146ms)
				ProcessInitializeOnLoadMethodAttributes (46ms)
				AfterProcessingInitializeOnLoad (0ms)
				EditorAssembliesLoaded (0ms)
			ExecutionOrderSort2 (0ms)
			AwakeInstancesAfterBackupRestoration (0ms)
Platform modules already initialized, skipping
Registering precompiled user dll's ...
Registered in 0.005187 seconds.
Begin MonoManager ReloadAssembly
Native extension for WindowsStandalone target not found
Refreshing native plugins compatible for Editor in 1.22 ms, found 2 plugins.
Preloading 0 native plugins for Editor in 0.00 ms.
Mono: successfully reloaded assembly
- Completed reload, in  2.031 seconds
Domain Reload Profiling:
	ReloadAssembly (2032ms)
		BeginReloadAssembly (174ms)
			ExecutionOrderSort (0ms)
			DisableScriptedObjects (5ms)
			BackupInstance (0ms)
			ReleaseScriptingObjects (0ms)
			CreateAndSetChildDomain (22ms)
		EndReloadAssembly (1800ms)
			LoadAssemblies (125ms)
			RebuildTransferFunctionScriptingTraits (0ms)
			SetupTypeCache (351ms)
			ReleaseScriptCaches (1ms)
			RebuildScriptCaches (58ms)
			SetupLoadedEditorAssemblies (1207ms)
				LogAssemblyErrors (0ms)
				InitializePlatformSupportModulesInManaged (4ms)
				SetLoadedEditorAssemblies (0ms)
				RefreshPlugins (1ms)
				BeforeProcessingInitializeOnLoad (91ms)
				ProcessInitializeOnLoadAttributes (1103ms)
				ProcessInitializeOnLoadMethodAttributes (4ms)
				AfterProcessingInitializeOnLoad (2ms)
				EditorAssembliesLoaded (0ms)
			ExecutionOrderSort2 (0ms)
			AwakeInstancesAfterBackupRestoration (6ms)
Platform modules already initialized, skipping
========================================================================
Worker process is ready to serve import requests
Launched and connected shader compiler UnityShaderCompiler.exe after 0.14 seconds
Refreshing native plugins compatible for Editor in 1.78 ms, found 2 plugins.
Preloading 0 native plugins for Editor in 0.00 ms.
Unloading 2654 Unused Serialized files (Serialized files now loaded: 0)
System memory in use before: 194.1 MB.
System memory in use after: 194.0 MB.

Unloading 143 unused Assets to reduce memory usage. Loaded Objects now: 3134.
Total: 3.829000 ms (FindLiveObjects: 0.335100 ms CreateObjectMapping: 0.123800 ms MarkObjects: 2.270500 ms  DeleteObjects: 1.098800 ms)

AssetImportParameters requested are different than current active one (requested -> active):
  custom:framework-win-MediaFoundation: 216162199b28c13a410421893ffa2e32 -> 
  custom:video-decoder-ogg-theora: a1e56fd34408186e4bbccfd4996cb3dc -> 
  custom:container-muxer-webm: aa71ff27fc2769a1b78a27578f13a17b -> 
  custom:container-demuxer-webm: 4f35f7cbe854078d1ac9338744f61a02 -> 
  custom:container-demuxer-ogg: 62fdf1f143b41e24485cea50d1cbac27 -> 
  custom:video-encoder-webm-vp8: eb34c28f22e8b96e1ab97ce403110664 -> 
  custom:video-codec-MediaFoundation-h265: 746d11721c4dcdbdad8f713fa42b33f4 -> 
  custom:video-decoder-webm-vp8: 9c59270c3fd7afecdb556c50c9e8de78 -> 
  custom:audio-decoder-ogg-vorbis: bf7c407c2cedff20999df2af8eb42d56 -> 
  custom:audio-encoder-webm-vorbis: bf7c407c2cedff20999df2af8eb42d56 -> 
========================================================================
Received Import Request.
  path: Assets/Prefabs/Wave Enemy/Enemy 3.prefab
  artifactKey: Guid(8f7b8763e843c4543a57b4f9ec3e57b6) Importer(815301076,1909f56bfc062723c751e8b465ee728b)
Start importing Assets/Prefabs/Wave Enemy/Enemy 3.prefab using Guid(8f7b8763e843c4543a57b4f9ec3e57b6) Importer(815301076,1909f56bfc062723c751e8b465ee728b)  -> (artifact id: '7bdf974e5dcaf6a6aff1b88ffd95cfd1') in 1.826228 seconds 
  Import took 1.859518 seconds .

========================================================================
Received Import Request.
  Time since last request: 0.000341 seconds.
  path: Assets/Prefabs/Wave Enemy/Enemy 2.prefab
  artifactKey: Guid(db3cf34f54ef4a24aa35e5c590704c91) Importer(815301076,1909f56bfc062723c751e8b465ee728b)
Start importing Assets/Prefabs/Wave Enemy/Enemy 2.prefab using Guid(db3cf34f54ef4a24aa35e5c590704c91) Importer(815301076,1909f56bfc062723c751e8b465ee728b)  -> (artifact id: 'dc86b275250c9e0cdc31b6cd35a721f9') in 1.571172 seconds 
  Import took 1.688145 seconds .

========================================================================
Received Import Request.
  Time since last request: 0.000328 seconds.
  path: Assets/Prefabs/Wave Enemy/Enemy 1.prefab
  artifactKey: Guid(91f46aaa4144be2448d536c050d5673f) Importer(815301076,1909f56bfc062723c751e8b465ee728b)
Start importing Assets/Prefabs/Wave Enemy/Enemy 1.prefab using Guid(91f46aaa4144be2448d536c050d5673f) Importer(815301076,1909f56bfc062723c751e8b465ee728b)  -> (artifact id: 'cb7cfc180985dcf84fcfeb0d339d2f1a') in 2.700924 seconds 
  Import took 2.717434 seconds .

========================================================================
Received Import Request.
  Time since last request: 0.000277 seconds.
  path: Assets/Prefabs/Wave Enemy/Enemy 2.prefab
  artifactKey: Guid(db3cf34f54ef4a24aa35e5c590704c91) Importer(815301076,1909f56bfc062723c751e8b465ee728b)
Start importing Assets/Prefabs/Wave Enemy/Enemy 2.prefab using Guid(db3cf34f54ef4a24aa35e5c590704c91) Importer(815301076,1909f56bfc062723c751e8b465ee728b)  -> (artifact id: '5eb667e1d95a2b8149aa66120baac30a') in 0.269612 seconds 
  Import took 0.302753 seconds .

========================================================================
Received Import Request.
  Time since last request: 0.018024 seconds.
  path: Assets/Prefabs/Wave Enemy/Enemy 2.prefab
  artifactKey: Guid(db3cf34f54ef4a24aa35e5c590704c91) Importer(815301076,1909f56bfc062723c751e8b465ee728b)
Start importing Assets/Prefabs/Wave Enemy/Enemy 2.prefab using Guid(db3cf34f54ef4a24aa35e5c590704c91) Importer(815301076,1909f56bfc062723c751e8b465ee728b)  -> (artifact id: '9387d660d319d6fb86cb491582b460eb') in 0.259805 seconds 
  Import took 0.463786 seconds .

========================================================================
Received Import Request.
  Time since last request: 0.000391 seconds.
  path: Assets/Prefabs/Wave Enemy/Enemy 4.prefab
  artifactKey: Guid(3788f2a5b821fce469a86710821a996b) Importer(815301076,1909f56bfc062723c751e8b465ee728b)
Start importing Assets/Prefabs/Wave Enemy/Enemy 4.prefab using Guid(3788f2a5b821fce469a86710821a996b) Importer(815301076,1909f56bfc062723c751e8b465ee728b)  -> (artifact id: 'da1475f0239cf79ed0facfe57ce4c9fd') in 1.072769 seconds 
  Import took 1.204262 seconds .

========================================================================
Received Import Request.
  Time since last request: 6.108916 seconds.
  path: Assets/Prefabs/Wave Enemy/Enemy 3.prefab
  artifactKey: Guid(8f7b8763e843c4543a57b4f9ec3e57b6) Importer(815301076,1909f56bfc062723c751e8b465ee728b)
Start importing Assets/Prefabs/Wave Enemy/Enemy 3.prefab using Guid(8f7b8763e843c4543a57b4f9ec3e57b6) Importer(815301076,1909f56bfc062723c751e8b465ee728b)  -> (artifact id: '14ab6fb88b16ff2477ead6622df6dcf6') in 0.718366 seconds 
  Import took 0.778279 seconds .

========================================================================
Received Import Request.
  Time since last request: 1.785659 seconds.
  path: Assets/Prefabs/Wave Enemy/Enemy 3.prefab
  artifactKey: Guid(8f7b8763e843c4543a57b4f9ec3e57b6) Importer(815301076,1909f56bfc062723c751e8b465ee728b)
Start importing Assets/Prefabs/Wave Enemy/Enemy 3.prefab using Guid(8f7b8763e843c4543a57b4f9ec3e57b6) Importer(815301076,1909f56bfc062723c751e8b465ee728b)  -> (artifact id: '815fabc543eb7a8acbc0f824240bf6fa') in 0.604598 seconds 
  Import took 0.696193 seconds .

========================================================================
Received Import Request.
  Time since last request: 8.116887 seconds.
  path: Assets/Prefabs/Wave Enemy/Enemy 4.prefab
  artifactKey: Guid(3788f2a5b821fce469a86710821a996b) Importer(815301076,1909f56bfc062723c751e8b465ee728b)
Start importing Assets/Prefabs/Wave Enemy/Enemy 4.prefab using Guid(3788f2a5b821fce469a86710821a996b) Importer(815301076,1909f56bfc062723c751e8b465ee728b)  -> (artifact id: '8d3fc1ca3249908b08df0c0a0f7d96ae') in 0.197151 seconds 
  Import took 0.400433 seconds .

========================================================================
Received Import Request.
  Time since last request: 5.475944 seconds.
  path: Assets/Prefabs/Wave Enemy/Enemy 4.prefab
  artifactKey: Guid(3788f2a5b821fce469a86710821a996b) Importer(815301076,1909f56bfc062723c751e8b465ee728b)
Start importing Assets/Prefabs/Wave Enemy/Enemy 4.prefab using Guid(3788f2a5b821fce469a86710821a996b) Importer(815301076,1909f56bfc062723c751e8b465ee728b)  -> (artifact id: 'd410c8db26cad0fb77cce4f8af9da715') in 0.178268 seconds 
  Import took 0.238857 seconds .

AssetImportWorkerClient::OnTransportError - code=2 error=End of file
